\BOOKMARK [0][-]{chapter*.1}{\376\377\000R\000e\000s\000u\000m\000o}{}% 1
\BOOKMARK [0][-]{chapter*.2}{\376\377\000A\000b\000s\000t\000r\000a\000c\000t}{}% 2
\BOOKMARK [0][-]{section*.7}{\376\377\000D\000i\000c\000i\000o\000n\000\341\000r\000i\000o\000\040\000d\000e\000\040\000t\000e\000r\000m\000o\000s\000,\000\040\000s\000i\000g\000l\000a\000s\000\040\000e\000\040\000a\000b\000r\000e\000v\000i\000a\000\347\000\365\000e\000s}{}% 3
\BOOKMARK [0][-]{chapter.1}{\376\377\000I\000n\000t\000r\000o\000d\000u\000\347\000\343\000o}{}% 4
\BOOKMARK [0][-]{chapter.2}{\376\377\000O\000b\000j\000e\000t\000i\000v\000o\000s}{}% 5
\BOOKMARK [1][-]{section.2.1}{\376\377\000O\000b\000j\000e\000t\000i\000v\000o\000\040\000g\000e\000r\000a\000l}{chapter.2}% 6
\BOOKMARK [1][-]{section.2.2}{\376\377\000O\000b\000j\000e\000t\000i\000v\000o\000s\000\040\000e\000s\000p\000e\000c\000\355\000f\000i\000c\000o\000s}{chapter.2}% 7
\BOOKMARK [0][-]{chapter.3}{\376\377\000R\000e\000v\000i\000s\000\343\000o\000\040\000b\000i\000b\000l\000i\000o\000g\000r\000\341\000f\000i\000c\000a}{}% 8
\BOOKMARK [1][-]{section.3.1}{\376\377\000C\000a\000b\000o\000t\000a\000g\000e\000m\000\040\000b\000r\000a\000s\000i\000l\000e\000i\000r\000a\000,\000\040\000m\000a\000t\000r\000i\000z\000\040\000d\000e\000\040\000t\000r\000a\000n\000s\000p\000o\000r\000t\000e\000\040\000e\000\040\000B\000R\000\040\000d\000o\000\040\000M\000a\000r}{chapter.3}% 9
\BOOKMARK [1][-]{section.3.2}{\376\377\000M\000u\000d\000a\000n\000\347\000a\000\040\000m\000o\000d\000a\000l\000\040\000e\000\040\000s\000h\000o\000r\000t\000\040\000s\000e\000a\000\040\000s\000h\000i\000p\000p\000i\000n\000g}{chapter.3}% 10
\BOOKMARK [1][-]{section.3.3}{\376\377\000C\000o\000m\000p\000a\000r\000a\000\347\000\365\000e\000s\000\040\000p\000o\000r\000t\000a\000\040\000a\000\040\000p\000o\000r\000t\000a\000\040\000e\000\040\000m\000o\000d\000e\000l\000o\000s\000\040\000d\000e\000\040\000r\000e\000d\000e\000\040\000m\000u\000l\000t\000i\000m\000o\000d\000a\000l}{chapter.3}% 11
\BOOKMARK [1][-]{section.3.4}{\376\377\000E\000m\000i\000s\000s\000\365\000e\000s\000\040\000o\000p\000e\000r\000a\000c\000i\000o\000n\000a\000i\000s\000,\000\040\000T\000T\000W\000,\000\040\000W\000T\000W\000,\000\040\000L\000C\000A\000,\000\040\000C\000O\0002\000\040\000e\000\040\000C\000O\0002\000e}{chapter.3}% 12
\BOOKMARK [1][-]{section.3.5}{\376\377\000O\000p\000e\000r\000a\000\347\000\365\000e\000s\000\040\000p\000o\000r\000t\000u\000\341\000r\000i\000a\000s\000\040\000e\000\040\000h\000o\000t\000e\000l\000i\000n\000g}{chapter.3}% 13
\BOOKMARK [1][-]{section.3.6}{\376\377\000F\000r\000o\000n\000t\000e\000i\000r\000a\000\040\000e\000c\000o\000n\000\364\000m\000i\000c\000a\000\040\000e\000\040\000c\000u\000s\000t\000o\000\040\000m\000o\000d\000e\000l\000a\000d\000o}{chapter.3}% 14
\BOOKMARK [1][-]{section.3.7}{\376\377\000S\000\355\000n\000t\000e\000s\000e\000\040\000d\000a\000\040\000l\000a\000c\000u\000n\000a\000\040\000m\000e\000t\000o\000d\000o\000l\000\363\000g\000i\000c\000a}{chapter.3}% 15
\BOOKMARK [0][-]{chapter.4}{\376\377\000M\000e\000t\000o\000d\000o\000l\000o\000g\000i\000a}{}% 16
\BOOKMARK [1][-]{section.4.1}{\376\377\000U\000n\000i\000d\000a\000d\000e\000\040\000f\000u\000n\000c\000i\000o\000n\000a\000l\000\040\000e\000\040\000a\000l\000t\000e\000r\000n\000a\000t\000i\000v\000a\000s\000\040\000c\000o\000m\000p\000a\000r\000a\000d\000a\000s}{chapter.4}% 17
\BOOKMARK [1][-]{section.4.2}{\376\377\000F\000o\000n\000t\000e\000s\000\040\000p\000r\000i\000m\000\341\000r\000i\000a\000s\000\040\000d\000e\000\040\000d\000a\000d\000o\000s\000\040\000e\000\040\000i\000n\000s\000u\000m\000o\000s\000\040\000d\000e\000r\000i\000v\000a\000d\000o\000s}{chapter.4}% 18
\BOOKMARK [1][-]{section.4.3}{\376\377\000F\000r\000o\000n\000t\000e\000i\000r\000a\000s\000\040\000m\000e\000t\000o\000d\000o\000l\000\363\000g\000i\000c\000a\000s\000\040\000d\000o\000\040\000e\000s\000t\000u\000d\000o}{chapter.4}% 19
\BOOKMARK [1][-]{section.4.4}{\376\377\000C\000o\000n\000s\000t\000r\000u\000\347\000\343\000o\000\040\000d\000a\000\040\000a\000l\000t\000e\000r\000n\000a\000t\000i\000v\000a\000\040\000r\000o\000d\000o\000v\000i\000\341\000r\000i\000a\000\040\000d\000i\000r\000e\000t\000a}{chapter.4}% 20
\BOOKMARK [1][-]{section.4.5}{\376\377\000C\000o\000n\000s\000t\000r\000u\000\347\000\343\000o\000\040\000d\000a\000\040\000a\000l\000t\000e\000r\000n\000a\000t\000i\000v\000a\000\040\000r\000o\000d\000o\000v\000i\000\341\000r\000i\000a\000-\000c\000a\000b\000o\000t\000a\000g\000e\000m\000-\000r\000o\000d\000o\000v\000i\000\341\000r\000i\000a}{chapter.4}% 21
\BOOKMARK [1][-]{section.4.6}{\376\377\000S\000e\000l\000e\000\347\000\343\000o\000\040\000d\000e\000\040\000p\000o\000r\000t\000o\000s\000\040\000e\000\040\000d\000e\000f\000i\000n\000i\000\347\000\343\000o\000\040\000d\000e\000\040\000c\000e\000n\000\341\000r\000i\000o\000s}{chapter.4}% 22
\BOOKMARK [1][-]{section.4.7}{\376\377\000P\000r\000o\000v\000e\000n\000i\000\352\000n\000c\000i\000a\000\040\000d\000a\000s\000\040\000d\000i\000s\000t\000\342\000n\000c\000i\000a\000s\000\040\000e\000\040\000h\000i\000e\000r\000a\000r\000q\000u\000i\000a\000\040\000d\000e\000\040\000c\000o\000n\000f\000i\000a\000n\000\347\000a}{chapter.4}% 23
\BOOKMARK [1][-]{section.4.8}{\376\377\000C\000a\000d\000e\000i\000a\000s\000\040\000c\000o\000n\000c\000e\000i\000t\000u\000a\000i\000s\000\040\000d\000e\000\040\000c\000\341\000l\000c\000u\000l\000o\000\040\000d\000e\000\040\000e\000m\000i\000s\000s\000\365\000e\000s\000\040\000e\000\040\000c\000u\000s\000t\000o\000s}{chapter.4}% 24
\BOOKMARK [1][-]{section.4.9}{\376\377\000O\000p\000e\000r\000a\000\347\000\365\000e\000s\000\040\000p\000o\000r\000t\000u\000\341\000r\000i\000a\000s\000,\000\040\000h\000o\000t\000e\000l\000i\000n\000g\000\040\000e\000\040\000p\000r\000o\000v\000e\000n\000i\000\352\000n\000c\000i\000a\000\040\000d\000o\000s\000\040\000d\000a\000d\000o\000s}{chapter.4}% 25
\BOOKMARK [1][-]{section.4.10}{\376\377\000Q\000u\000a\000l\000i\000d\000a\000d\000e\000\040\000d\000e\000\040\000r\000o\000t\000a\000,\000\040\000c\000l\000a\000s\000s\000i\000f\000i\000c\000a\000\347\000\343\000o\000\040\000d\000e\000\040\000e\000v\000i\000d\000\352\000n\000c\000i\000a\000s\000\040\000e\000\040\000l\000i\000m\000i\000t\000e\000s\000\040\000d\000e\000\040\000u\000s\000o}{chapter.4}% 26
\BOOKMARK [0][-]{chapter.5}{\376\377\000F\000e\000r\000r\000a\000m\000e\000n\000t\000a\000\040\000c\000o\000m\000p\000u\000t\000a\000c\000i\000o\000n\000a\000l}{}% 27
\BOOKMARK [1][-]{section.5.1}{\376\377\000V\000i\000s\000\343\000o\000\040\000g\000e\000r\000a\000l\000\040\000d\000a\000\040\000f\000e\000r\000r\000a\000m\000e\000n\000t\000a\000\040\000e\000\040\000a\000r\000q\000u\000i\000t\000e\000t\000u\000r\000a\000\040\000d\000o\000\040\000p\000r\000o\000t\000\363\000t\000i\000p\000o}{chapter.5}% 28
\BOOKMARK [1][-]{section.5.2}{\376\377\000D\000o\000i\000s\000\040\000f\000l\000u\000x\000o\000s\000\040\000c\000o\000m\000p\000u\000t\000a\000c\000i\000o\000n\000a\000i\000s\000:\000\040\000e\000x\000e\000c\000u\000\347\000\343\000o\000\040\000d\000e\000\040\000c\000e\000n\000\341\000r\000i\000o\000\040\000e\000\040\000a\000t\000u\000a\000l\000i\000z\000a\000\347\000\343\000o\000\040\000d\000e\000\040\000d\000a\000d\000o\000s}{chapter.5}% 29
\BOOKMARK [1][-]{section.5.3}{\376\377\000E\000n\000t\000r\000a\000d\000a\000s\000\040\000d\000o\000\040\000c\000e\000n\000\341\000r\000i\000o\000,\000\040\000g\000e\000o\000c\000o\000d\000i\000f\000i\000c\000a\000\347\000\343\000o\000\040\000e\000\040\000r\000o\000t\000e\000a\000m\000e\000n\000t\000o\000\040\000t\000e\000r\000r\000e\000s\000t\000r\000e}{chapter.5}% 30
\BOOKMARK [1][-]{section.5.4}{\376\377\000C\000o\000n\000s\000t\000r\000u\000\347\000\343\000o\000\040\000d\000a\000s\000\040\000a\000l\000t\000e\000r\000n\000a\000t\000i\000v\000a\000s\000,\000\040\000s\000e\000l\000e\000\347\000\343\000o\000\040\000d\000e\000\040\000p\000o\000r\000t\000o\000s\000\040\000e\000\040\000p\000e\000r\000n\000a\000\040\000m\000a\000r\000\355\000t\000i\000m\000a}{chapter.5}% 31
\BOOKMARK [1][-]{section.5.5}{\376\377\000O\000p\000e\000r\000a\000c\000i\000o\000n\000a\000l\000i\000z\000a\000\347\000\343\000o\000\040\000c\000o\000m\000p\000u\000t\000a\000c\000i\000o\000n\000a\000l\000\040\000d\000o\000s\000\040\000i\000n\000s\000u\000m\000o\000s\000\040\000m\000e\000t\000o\000d\000o\000l\000\363\000g\000i\000c\000o\000s}{chapter.5}% 32
\BOOKMARK [1][-]{section.5.6}{\376\377\000C\000\341\000l\000c\000u\000l\000o\000\040\000p\000o\000r\000\040\000p\000e\000r\000n\000a\000:\000\040\000c\000o\000m\000b\000u\000s\000t\000\355\000v\000e\000l\000,\000\040\000p\000r\000o\000x\000y\000\040\000d\000e\000\040\000c\000u\000s\000t\000o\000\040\000o\000p\000e\000r\000a\000c\000i\000o\000n\000a\000l\000\040\000e\000\040\000e\000m\000i\000s\000s\000\365\000e\000s}{chapter.5}% 33
\BOOKMARK [1][-]{section.5.7}{\376\377\000P\000e\000r\000s\000i\000s\000t\000\352\000n\000c\000i\000a\000,\000\040\000c\000a\000c\000h\000e\000,\000\040\000i\000n\000t\000e\000r\000f\000a\000c\000e\000\040\000e\000\040\000r\000a\000s\000t\000r\000e\000a\000b\000i\000l\000i\000d\000a\000d\000e}{chapter.5}% 34
\BOOKMARK [1][-]{section.5.8}{\376\377\000L\000i\000m\000i\000t\000a\000\347\000\365\000e\000s\000\040\000c\000o\000m\000p\000u\000t\000a\000c\000i\000o\000n\000a\000i\000s\000\040\000e\000\040\000u\000s\000o\000\040\000c\000o\000r\000r\000e\000t\000o\000\040\000d\000a\000\040\000f\000e\000r\000r\000a\000m\000e\000n\000t\000a}{chapter.5}% 35
\BOOKMARK [0][-]{chapter.6}{\376\377\000V\000a\000l\000i\000d\000a\000\347\000\343\000o\000,\000\040\000b\000e\000n\000c\000h\000m\000a\000r\000k\000\040\000e\000\040\000c\000l\000a\000s\000s\000i\000f\000i\000c\000a\000\347\000\343\000o\000\040\000d\000e\000\040\000e\000v\000i\000d\000\352\000n\000c\000i\000a\000s}{}% 36
\BOOKMARK [1][-]{section.6.1}{\376\377\000E\000s\000t\000r\000a\000t\000\351\000g\000i\000a\000\040\000d\000e\000\040\000v\000a\000l\000i\000d\000a\000\347\000\343\000o\000\040\000c\000o\000m\000o\000\040\000c\000l\000a\000s\000s\000i\000f\000i\000c\000a\000\347\000\343\000o\000\040\000d\000e\000\040\000e\000v\000i\000d\000\352\000n\000c\000i\000a\000s}{chapter.6}% 37
\BOOKMARK [1][-]{section.6.2}{\376\377\000B\000a\000t\000c\000h\000\040\0000\0000\0001\000\040\000c\000o\000m\000o\000\040\000d\000i\000a\000g\000n\000\363\000s\000t\000i\000c\000o\000\040\000h\000i\000s\000t\000\363\000r\000i\000c\000o}{chapter.6}% 38
\BOOKMARK [1][-]{section.6.3}{\376\377\000B\000a\000t\000c\000h\000\040\0000\0000\0001\000B\000\040\000c\000o\000m\000o\000\040\000c\000a\000m\000a\000d\000a\000\040\000d\000e\000\040\000d\000e\000c\000i\000s\000\343\000o\000\040\000m\000e\000t\000o\000d\000o\000l\000\363\000g\000i\000c\000a}{chapter.6}% 39
\BOOKMARK [1][-]{section.6.4}{\376\377\000S\000e\000n\000s\000i\000b\000i\000l\000i\000d\000a\000d\000e\000s\000\040\000B\000a\000t\000c\000h\000\040\0000\0000\0001\000B\000\040\000c\000o\000m\000o\000\040\000e\000v\000i\000d\000\352\000n\000c\000i\000a\000\040\000c\000o\000n\000d\000i\000c\000i\000o\000n\000a\000d\000a}{chapter.6}% 40
\BOOKMARK [1][-]{section.6.5}{\376\377\000B\000a\000t\000c\000h\000\040\0000\0000\0002\000\040\000d\000o\000\040\000P\000r\000o\000f\000.\000\040\000D\000r\000.\000\040\000G\000u\000s\000t\000a\000v\000o\000\040\000C\000o\000s\000t\000a\000\040\000c\000o\000m\000o\000\040\000b\000e\000n\000c\000h\000m\000a\000r\000k\000\040\000e\000x\000t\000e\000r\000n\000o\000\040\000d\000i\000r\000e\000c\000i\000o\000n\000a\000l}{chapter.6}% 41
\BOOKMARK [1][-]{section.6.6}{\376\377\000R\000e\000r\000u\000n\000\040\000S\000u\000p\000a\000b\000a\000s\000e\000/\000c\000a\000c\000h\000e\000\040\000c\000o\000m\000o\000\040\000v\000e\000r\000i\000f\000i\000c\000a\000\347\000\343\000o\000\040\000d\000e\000\040\000e\000s\000t\000a\000b\000i\000l\000i\000d\000a\000d\000e\000\040\000c\000o\000m\000p\000u\000t\000a\000c\000i\000o\000n\000a\000l}{chapter.6}% 42
\BOOKMARK [1][-]{section.6.7}{\376\377\000R\000e\000c\000o\000n\000c\000i\000l\000i\000a\000\347\000\343\000o\000\040\000r\000o\000d\000o\000v\000i\000\341\000r\000i\000a\000\040\000c\000o\000m\000o\000\040\000d\000i\000a\000g\000n\000\363\000s\000t\000i\000c\000o\000\040\000d\000e\000\040\000p\000r\000e\000m\000i\000s\000s\000a\000s}{chapter.6}% 43
\BOOKMARK [1][-]{section.6.8}{\376\377\000C\000a\000t\000e\000g\000o\000r\000i\000a\000s\000\040\000d\000e\000\040\000u\000s\000o\000\040\000n\000o\000\040\000T\000F\000\040\000e\000\040\000p\000a\000s\000s\000a\000g\000e\000m\000\040\000p\000a\000r\000a\000\040\000o\000s\000\040\000r\000e\000s\000u\000l\000t\000a\000d\000o\000s}{chapter.6}% 44
\BOOKMARK [0][-]{chapter.7}{\376\377\000R\000e\000s\000u\000l\000t\000a\000d\000o\000s}{}% 45
\BOOKMARK [1][-]{section.7.1}{\376\377\000R\000e\000s\000u\000l\000t\000a\000d\000o\000s\000\040\000c\000o\000n\000s\000o\000l\000i\000d\000a\000d\000o\000s\000\040\000e\000\040\000c\000a\000t\000e\000g\000o\000r\000i\000a\000s\000\040\000d\000e\000\040\000u\000s\000o}{chapter.7}% 46
\BOOKMARK [1][-]{section.7.2}{\376\377\000R\000e\000s\000u\000l\000t\000a\000d\000o\000s\000\040\000h\000i\000s\000t\000\363\000r\000i\000c\000o\000s\000\040\000e\000\040\000d\000e\000c\000i\000s\000\365\000e\000s\000\040\000m\000e\000t\000o\000d\000o\000l\000\363\000g\000i\000c\000a\000s\000\040\000B\000a\000t\000c\000h\000\040\0000\0000\0001\000/\0000\0000\0001\000B}{chapter.7}% 47
\BOOKMARK [1][-]{section.7.3}{\376\377\000R\000e\000s\000u\000l\000t\000a\000d\000o\000s\000\040\000d\000a\000s\000\040\000s\000e\000n\000s\000i\000b\000i\000l\000i\000d\000a\000d\000e\000s\000\040\000e\000x\000e\000c\000u\000t\000a\000d\000a\000s}{chapter.7}% 48
\BOOKMARK [1][-]{section.7.4}{\376\377\000R\000e\000s\000u\000l\000t\000a\000d\000o\000s\000\040\000d\000o\000\040\000b\000e\000n\000c\000h\000m\000a\000r\000k\000\040\000e\000x\000t\000e\000r\000n\000o\000\040\000B\000a\000t\000c\000h\000\040\0000\0000\0002}{chapter.7}% 49
\BOOKMARK [1][-]{section.7.5}{\376\377\000R\000e\000s\000u\000l\000t\000a\000d\000o\000s\000\040\000d\000o\000\040\000r\000e\000r\000u\000n\000/\000c\000a\000c\000h\000e\000\040\000e\000\040\000d\000a\000\040\000r\000e\000c\000o\000n\000c\000i\000l\000i\000a\000\347\000\343\000o\000\040\000r\000o\000d\000o\000v\000i\000\341\000r\000i\000a}{chapter.7}% 50
\BOOKMARK [1][-]{section.7.6}{\376\377\000S\000\355\000n\000t\000e\000s\000e\000\040\000d\000o\000s\000\040\000r\000e\000s\000u\000l\000t\000a\000d\000o\000s\000\040\000c\000l\000a\000s\000s\000i\000f\000i\000c\000a\000d\000o\000s\000\040\000e\000\040\000t\000r\000a\000n\000s\000i\000\347\000\343\000o\000\040\000p\000a\000r\000a\000\040\000a\000\040\000d\000i\000s\000c\000u\000s\000s\000\343\000o}{chapter.7}% 51
\BOOKMARK [0][-]{chapter.8}{\376\377\000D\000i\000s\000c\000u\000s\000s\000\343\000o}{}% 52
\BOOKMARK [1][-]{section.8.1}{\376\377\000P\000e\000r\000g\000u\000n\000t\000a\000\040\000i\000n\000t\000e\000r\000p\000r\000e\000t\000a\000t\000i\000v\000a\000\040\000e\000\040\000f\000r\000o\000n\000t\000e\000i\000r\000a\000s\000\040\000d\000e\000\040\000l\000e\000i\000t\000u\000r\000a}{chapter.8}% 53
\BOOKMARK [1][-]{section.8.2}{\376\377\000P\000o\000r\000\040\000q\000u\000e\000\040\000a\000\040\000c\000o\000m\000p\000a\000r\000a\000\347\000\343\000o\000\040\000r\000o\000t\000a\000\040\000a\000\040\000r\000o\000t\000a\000\040\000e\000\040\000p\000o\000r\000t\000a\000\040\000a\000\040\000p\000o\000r\000t\000a\000\040\000i\000m\000p\000o\000r\000t\000a}{chapter.8}% 54
\BOOKMARK [1][-]{section.8.3}{\376\377\000C\000o\000r\000r\000e\000d\000o\000r\000e\000s\000,\000\040\000p\000o\000r\000t\000o\000s\000\040\000e\000\040\000p\000r\000o\000v\000e\000n\000i\000\352\000n\000c\000i\000a\000\040\000d\000a\000\040\000d\000i\000s\000t\000\342\000n\000c\000i\000a\000\040\000m\000a\000r\000\355\000t\000i\000m\000a}{chapter.8}% 55
\BOOKMARK [1][-]{section.8.4}{\376\377\000B\000e\000n\000c\000h\000m\000a\000r\000k\000\040\000d\000o\000\040\000P\000r\000o\000f\000.\000\040\000D\000r\000.\000\040\000G\000u\000s\000t\000a\000v\000o\000\040\000C\000o\000s\000t\000a\000:\000\040\000a\000p\000o\000i\000o\000\040\000d\000i\000r\000e\000c\000i\000o\000n\000a\000l\000,\000\040\000n\000\343\000o\000\040\000c\000a\000l\000i\000b\000r\000a\000\347\000\343\000o}{chapter.8}% 56
\BOOKMARK [1][-]{section.8.5}{\376\377\000F\000r\000o\000n\000t\000e\000i\000r\000a\000s\000\040\000e\000c\000o\000n\000\364\000m\000i\000c\000a\000,\000\040\000a\000m\000b\000i\000e\000n\000t\000a\000l\000\040\000e\000\040\000p\000o\000r\000t\000u\000\341\000r\000i\000a\000\040\000n\000a\000\040\000i\000n\000t\000e\000r\000p\000r\000e\000t\000a\000\347\000\343\000o}{chapter.8}% 57
\BOOKMARK [1][-]{section.8.6}{\376\377\000V\000a\000l\000o\000r\000\040\000p\000r\000\341\000t\000i\000c\000o\000\040\000d\000o\000\040\000C\000a\000b\000o\000t\000a\000g\000e\000L\000e\000n\000s\000\040\000c\000o\000m\000o\000\040\000t\000r\000i\000a\000g\000e\000m}{chapter.8}% 58
\BOOKMARK [1][-]{section.8.7}{\376\377\000C\000o\000n\000t\000r\000i\000b\000u\000i\000\347\000\343\000o\000\040\000m\000e\000t\000o\000d\000o\000l\000\363\000g\000i\000c\000a\000\040\000d\000o\000\040\000f\000r\000a\000m\000e\000w\000o\000r\000k\000\040\000a\000u\000d\000i\000t\000\341\000v\000e\000l}{chapter.8}% 59
\BOOKMARK [0][-]{chapter.9}{\376\377\000L\000i\000m\000i\000t\000a\000\347\000\365\000e\000s}{}% 60
\BOOKMARK [1][-]{section.9.1}{\376\377\000F\000u\000n\000\347\000\343\000o\000\040\000d\000a\000s\000\040\000l\000i\000m\000i\000t\000a\000\347\000\365\000e\000s\000\040\000e\000\040\000c\000o\000n\000d\000i\000\347\000\365\000e\000s\000\040\000d\000e\000\040\000u\000s\000o}{chapter.9}% 61
\BOOKMARK [1][-]{section.9.2}{\376\377\000F\000r\000o\000n\000t\000e\000i\000r\000a\000\040\000a\000m\000b\000i\000e\000n\000t\000a\000l\000:\000\040\000T\000T\000W\000\040\000o\000p\000e\000r\000a\000c\000i\000o\000n\000a\000l\000,\000\040\000C\000O\0002\000e\000\040\000e\000\040\000l\000i\000m\000i\000t\000e\000s\000\040\000d\000e\000\040\000c\000i\000c\000l\000o\000\040\000d\000e\000\040\000v\000i\000d\000a}{chapter.9}% 62
\BOOKMARK [1][-]{section.9.3}{\376\377\000F\000r\000o\000n\000t\000e\000i\000r\000a\000\040\000e\000c\000o\000n\000\364\000m\000i\000c\000a\000:\000\040\000c\000u\000s\000t\000o\000\040\000m\000o\000d\000e\000l\000a\000d\000o\000,\000\040\000a\000l\000o\000c\000a\000\347\000\343\000o\000\040\000e\000\040\000a\000u\000s\000\352\000n\000c\000i\000a\000\040\000d\000e\000\040\000f\000r\000e\000t\000e\000\040\000c\000o\000m\000e\000r\000c\000i\000a\000l}{chapter.9}% 63
\BOOKMARK [1][-]{section.9.4}{\376\377\000F\000r\000o\000n\000t\000e\000i\000r\000a\000\040\000o\000p\000e\000r\000a\000c\000i\000o\000n\000a\000l\000:\000\040\000s\000e\000r\000v\000i\000\347\000o\000,\000\040\000a\000g\000e\000n\000d\000a\000,\000\040\000t\000e\000r\000m\000i\000n\000a\000i\000s\000\040\000e\000\040\000s\000u\000p\000e\000r\000-\000r\000e\000d\000e}{chapter.9}% 64
\BOOKMARK [1][-]{section.9.5}{\376\377\000F\000r\000o\000n\000t\000e\000i\000r\000a\000\040\000d\000e\000\040\000r\000o\000t\000a\000:\000\040\000p\000o\000r\000t\000o\000s\000,\000\040\000d\000i\000s\000t\000\342\000n\000c\000i\000a\000s\000,\000\040\000f\000a\000l\000l\000b\000a\000c\000k\000\040\000e\000\040\000s\000a\000m\000e\000-\000p\000o\000r\000t}{chapter.9}% 65
\BOOKMARK [1][-]{section.9.6}{\376\377\000F\000r\000o\000n\000t\000e\000i\000r\000a\000\040\000d\000e\000\040\000v\000a\000l\000i\000d\000a\000\347\000\343\000o\000:\000\040\000s\000e\000n\000s\000i\000b\000i\000l\000i\000d\000a\000d\000e\000s\000,\000\040\000P\000r\000o\000f\000.\000\040\000D\000r\000.\000\040\000G\000u\000s\000t\000a\000v\000o\000\040\000C\000o\000s\000t\000a\000\040\000e\000\040\000r\000e\000c\000o\000n\000c\000i\000l\000i\000a\000\347\000\343\000o}{chapter.9}% 66
\BOOKMARK [1][-]{section.9.7}{\376\377\000F\000o\000n\000t\000e\000s\000,\000\040\000l\000i\000t\000e\000r\000a\000t\000u\000r\000a\000\040\000e\000\040\000g\000e\000n\000e\000r\000a\000l\000i\000z\000a\000\347\000\343\000o}{chapter.9}% 67
\BOOKMARK [0][-]{chapter.10}{\376\377\000C\000o\000n\000c\000l\000u\000s\000\365\000e\000s\000\040\000e\000\040\000t\000r\000a\000b\000a\000l\000h\000o\000s\000\040\000f\000u\000t\000u\000r\000o\000s}{}% 68
\BOOKMARK [1][-]{section.10.1}{\376\377\000C\000o\000n\000c\000l\000u\000s\000\343\000o\000\040\000p\000r\000i\000n\000c\000i\000p\000a\000l}{chapter.10}% 69
\BOOKMARK [1][-]{section.10.2}{\376\377\000C\000o\000n\000t\000r\000i\000b\000u\000i\000\347\000\343\000o\000\040\000m\000e\000t\000o\000d\000o\000l\000\363\000g\000i\000c\000a\000\040\000e\000\040\000c\000o\000m\000p\000u\000t\000a\000c\000i\000o\000n\000a\000l\000\040\000d\000o\000\040\000C\000a\000b\000o\000t\000a\000g\000e\000L\000e\000n\000s}{chapter.10}% 70
\BOOKMARK [1][-]{section.10.3}{\376\377\000A\000l\000c\000a\000n\000c\000e\000\040\000d\000a\000s\000\040\000e\000v\000i\000d\000\352\000n\000c\000i\000a\000s\000\040\000e\000\040\000i\000n\000t\000e\000r\000p\000r\000e\000t\000a\000\347\000\343\000o\000\040\000s\000e\000g\000u\000r\000a}{chapter.10}% 71
\BOOKMARK [1][-]{section.10.4}{\376\377\000A\000g\000e\000n\000d\000a\000\040\000p\000r\000i\000o\000r\000i\000t\000\341\000r\000i\000a\000\040\000d\000e\000\040\000t\000r\000a\000b\000a\000l\000h\000o\000s\000\040\000f\000u\000t\000u\000r\000o\000s}{chapter.10}% 72
\BOOKMARK [1][-]{section.10.5}{\376\377\000F\000e\000c\000h\000a\000m\000e\000n\000t\000o}{chapter.10}% 73
\BOOKMARK [0][-]{appendix.A}{\376\377\000P\000a\000r\000\342\000m\000e\000t\000r\000o\000s\000,\000\040\000f\000o\000n\000t\000e\000s\000\040\000e\000\040\000p\000r\000o\000v\000e\000n\000i\000\352\000n\000c\000i\000a}{}% 74
\BOOKMARK [1][-]{section.A.1}{\376\377\000I\000n\000v\000e\000n\000t\000\341\000r\000i\000o\000\040\000r\000e\000s\000u\000m\000i\000d\000o\000\040\000d\000e\000\040\000f\000o\000n\000t\000e\000s}{appendix.A}% 75
\BOOKMARK [1][-]{section.A.2}{\376\377\000H\000i\000e\000r\000a\000r\000q\000u\000i\000a\000\040\000d\000e\000\040\000p\000r\000o\000v\000e\000n\000i\000\352\000n\000c\000i\000a}{appendix.A}% 76
\BOOKMARK [1][-]{section.A.3}{\376\377\000O\000p\000e\000r\000a\000\347\000\365\000e\000s\000\040\000p\000o\000r\000t\000u\000\341\000r\000i\000a\000s\000\040\000e\000\040\000h\000o\000t\000e\000l\000i\000n\000g}{appendix.A}% 77
\BOOKMARK [0][-]{appendix.B}{\376\377\000V\000a\000l\000i\000d\000a\000\347\000\343\000o\000,\000\040\000b\000e\000n\000c\000h\000m\000a\000r\000k\000\040\000e\000\040\000e\000v\000i\000d\000\352\000n\000c\000i\000a\000s\000\040\000c\000o\000m\000p\000l\000e\000m\000e\000n\000t\000a\000r\000e\000s}{}% 78
\BOOKMARK [1][-]{section.B.1}{\376\377\000M\000a\000p\000a\000\040\000d\000e\000\040\000c\000a\000m\000a\000d\000a\000s\000\040\000d\000e\000\040\000v\000a\000l\000i\000d\000a\000\347\000\343\000o}{appendix.B}% 79
\BOOKMARK [1][-]{section.B.2}{\376\377\000N\000o\000t\000a\000\040\000m\000e\000t\000o\000d\000o\000l\000\363\000g\000i\000c\000a\000\040\000d\000a\000\040\000r\000e\000r\000o\000d\000a\000d\000a\000\040\000p\000o\000r\000t\000o\000p\000s\000/\000h\000o\000t\000e\000l\000i\000n\000g}{appendix.B}% 80
\BOOKMARK [1][-]{section.B.3}{\376\377\000S\000e\000n\000s\000i\000b\000i\000l\000i\000d\000a\000d\000e\000s\000\040\000e\000x\000e\000c\000u\000t\000a\000d\000a\000s}{appendix.B}% 81
\BOOKMARK [1][-]{section.B.4}{\376\377\000B\000e\000n\000c\000h\000m\000a\000r\000k\000\040\000e\000x\000t\000e\000r\000n\000o\000\040\000e\000\040\000r\000e\000c\000o\000n\000c\000i\000l\000i\000a\000\347\000\343\000o\000\040\000d\000i\000a\000g\000n\000\363\000s\000t\000i\000c\000a}{appendix.B}% 82
\BOOKMARK [1][-]{section.B.5}{\376\377\000C\000a\000t\000e\000g\000o\000r\000i\000a\000s\000\040\000d\000e\000\040\000u\000s\000o}{appendix.B}% 83
\BOOKMARK [0][-]{appendix.C}{\376\377\000C\000h\000e\000c\000k\000l\000i\000s\000t\000\040\000d\000e\000\040\000r\000e\000p\000r\000o\000d\000u\000t\000i\000b\000i\000l\000i\000d\000a\000d\000e}{}% 84
\BOOKMARK [1][-]{section.C.1}{\376\377\000C\000h\000e\000c\000k\000l\000i\000s\000t\000\040\000t\000\351\000c\000n\000i\000c\000o}{appendix.C}% 85
\BOOKMARK [1][-]{section.C.2}{\376\377\000C\000h\000e\000c\000k\000l\000i\000s\000t\000\040\000m\000e\000t\000o\000d\000o\000l\000\363\000g\000i\000c\000o}{appendix.C}% 86
