This is pdfTeX, Version 3.141592653-2.6-1.40.28 (MiKTeX 25.12) (preloaded format=pdflatex 2026.6.30)  30 JUN 2026 00:33
entering extended mode
 restricted \write18 enabled.
 file:line:error style messages enabled.
 %&-line parsing enabled.
**c:/Users/Cliente/Documents/workspaces/personal/cabotage-lens/docs/report/main.tex
(c:/Users/Cliente/Documents/workspaces/personal/cabotage-lens/docs/report/main.tex
LaTeX2e <2025-11-01>
L3 programming layer <2025-12-24>
(C:\Users\Cliente\AppData\Local\Programs\MiKTeX\tex/latex/base\report.cls
Document Class: report 2025/01/22 v1.4n Standard LaTeX document class
(C:\Users\Cliente\AppData\Local\Programs\MiKTeX\tex/latex/base\size12.clo
File: size12.clo 2025/01/22 v1.4n Standard LaTeX file (size option)
)
\c@part=\count275
\c@chapter=\count276
\c@section=\count277
\c@subsection=\count278
\c@subsubsection=\count279
\c@paragraph=\count280
\c@subparagraph=\count281
\c@figure=\count282
\c@table=\count283
\abovecaptionskip=\skip49
\belowcaptionskip=\skip50
\bibindent=\dimen148
) (C:\Users\Cliente\AppData\Local\Programs\MiKTeX\tex/latex/base\inputenc.sty
Package: inputenc 2024/02/08 v1.3d Input encoding file
\inpenc@prehook=\toks17
\inpenc@posthook=\toks18
) (C:\Users\Cliente\AppData\Local\Programs\MiKTeX\tex/latex/base\fontenc.sty
Package: fontenc 2025/07/18 v2.1d Standard LaTeX package
) (C:\Users\Cliente\AppData\Local\Programs\MiKTeX\tex/generic/babel\babel.sty
Package: babel 2025/12/11 v25.17 The multilingual framework for LuaLaTeX, pdfLaTeX and XeLaTeX
\babel@savecnt=\count284
LaTeX Encoding Info:    Redeclaring text command \ij (encoding OT1) on input line 2068.
LaTeX Encoding Info:    Redeclaring text command \IJ (encoding OT1) on input line 2070.
LaTeX Encoding Info:    Redeclaring text command \ij (encoding T1) on input line 2072.
LaTeX Encoding Info:    Redeclaring text command \IJ (encoding T1) on input line 2073.
LaTeX Encoding Info:    Ignoring declaration for text command \ij (encoding ?) on input line 2074.
LaTeX Encoding Info:    Ignoring declaration for text command \IJ (encoding ?) on input line 2076.
LaTeX Encoding Info:    Ignoring declaration for text command \SS (encoding ?) on input line 2101.
\U@D=\dimen149
\l@unhyphenated=\language79
 (C:\Users\Cliente\AppData\Local\Programs\MiKTeX\tex/generic/babel\txtbabel.def)
\bbl@readstream=\read2
\bbl@dirlevel=\count285
Package babel Info: Configuration files are deprecated, as
(babel)             they can break document portability.
(babel)             Reported on input line 4196.

*************************************
* Local config file bblopts.cfg used
*
(C:\Users\Cliente\AppData\Local\Programs\MiKTeX\tex/latex/arabi\bblopts.cfg
File: bblopts.cfg 2005/09/08 v0.1 add Arabic and Farsi to "declared" options of babel
) (C:\Users\Cliente\AppData\Local\Programs\MiKTeX\tex/generic/babel/locale/invalid\babel-brazil.tex) (C:\Users\Cliente\AppData\Local\Programs\MiKTeX\tex/generic/babel/locale/en\babel-english.tex)

Package babel Warning: Name 'brazil' is deprecated.
(babel)                Use 'brazilian' instead.
(babel)                Reported on input line 4320.

Package babel Info: Importing font and identification data for brazil
(babel)             from babel-pt-BR.ini. Reported on input line 4320.
(C:\Users\Cliente\AppData\Local\Programs\MiKTeX\tex/latex/babel-portuges\brazilian.ldf
Language: portuges 2026/01/24 v1.2u Portuguese support from the babel system
Package babel Info: Hyphen rules for 'brazil' set to \l@portuguese
(babel)             (\language56). Reported on input line 100.
Package babel Info: Making " an active character on input line 132.
)
Package babel Info: Importing font and identification data for english
(babel)             from babel-en.ini. Reported on input line 4320.
 (C:\Users\Cliente\AppData\Local\Programs\MiKTeX\tex/latex/babel-english\english.ldf
Language: english 2017/06/06 v3.3r English support from the babel system
Package babel Info: Hyphen rules for 'canadian' set to \l@english
(babel)             (\language0). Reported on input line 102.
Package babel Info: Hyphen rules for 'australian' set to \l@ukenglish
(babel)             (\language73). Reported on input line 105.
Package babel Info: Hyphen rules for 'newzealand' set to \l@ukenglish
(babel)             (\language73). Reported on input line 108.
)) (C:\Users\Cliente\AppData\Local\Programs\MiKTeX\tex/latex/geometry\geometry.sty
Package: geometry 2026/03/07 v6.0 Page Geometry
 (C:\Users\Cliente\AppData\Local\Programs\MiKTeX\tex/latex/graphics\keyval.sty
Package: keyval 2022/05/29 v1.15 key=value parser (DPC)
\KV@toks@=\toks19
) (C:\Users\Cliente\AppData\Local\Programs\MiKTeX\tex/generic/iftex\ifvtex.sty
Package: ifvtex 2019/10/25 v1.7 ifvtex legacy package. Use iftex instead.
 (C:\Users\Cliente\AppData\Local\Programs\MiKTeX\tex/generic/iftex\iftex.sty
Package: iftex 2024/12/12 v1.0g TeX engine tests
))
\Gm@cnth=\count286
\Gm@cntv=\count287
\c@Gm@tempcnt=\count288
\Gm@bindingoffset=\dimen150
\Gm@wd@mp=\dimen151
\Gm@odd@mp=\dimen152
\Gm@even@mp=\dimen153
\Gm@layoutwidth=\dimen154
\Gm@layoutheight=\dimen155
\Gm@layouthoffset=\dimen156
\Gm@layoutvoffset=\dimen157
\Gm@dimlist=\toks20
 (C:\Users\Cliente\AppData\Local\Programs\MiKTeX\tex/latex/geometry\geometry.cfg)) (C:\Users\Cliente\AppData\Local\Programs\MiKTeX\tex/latex/graphics\graphicx.sty
Package: graphicx 2024/12/31 v1.2e Enhanced LaTeX Graphics (DPC,SPQR)
 (C:\Users\Cliente\AppData\Local\Programs\MiKTeX\tex/latex/graphics\graphics.sty
Package: graphics 2024/08/06 v1.4g Standard LaTeX Graphics (DPC,SPQR)
 (C:\Users\Cliente\AppData\Local\Programs\MiKTeX\tex/latex/graphics\trig.sty
Package: trig 2023/12/02 v1.11 sin cos tan (DPC)
) (C:\Users\Cliente\AppData\Local\Programs\MiKTeX\tex/latex/graphics-cfg\graphics.cfg
File: graphics.cfg 2016/06/04 v1.11 sample graphics configuration
)
Package graphics Info: Driver file: pdftex.def on input line 106.
 (C:\Users\Cliente\AppData\Local\Programs\MiKTeX\tex/latex/graphics-def\pdftex.def
File: pdftex.def 2025/09/29 v1.2d Graphics/color driver for pdftex
))
\Gin@req@height=\dimen158
\Gin@req@width=\dimen159
) (C:\Users\Cliente\AppData\Local\Programs\MiKTeX\tex/latex/booktabs\booktabs.sty
Package: booktabs 2020/01/12 v1.61803398 Publication quality tables
\heavyrulewidth=\dimen160
\lightrulewidth=\dimen161
\cmidrulewidth=\dimen162
\belowrulesep=\dimen163
\belowbottomsep=\dimen164
\aboverulesep=\dimen165
\abovetopsep=\dimen166
\cmidrulesep=\dimen167
\cmidrulekern=\dimen168
\defaultaddspace=\dimen169
\@cmidla=\count289
\@cmidlb=\count290
\@aboverulesep=\dimen170
\@belowrulesep=\dimen171
\@thisruleclass=\count291
\@lastruleclass=\count292
\@thisrulewidth=\dimen172
) (C:\Users\Cliente\AppData\Local\Programs\MiKTeX\tex/latex/tools\array.sty
Package: array 2025/09/25 v2.6n Tabular extension package (FMi)
\col@sep=\dimen173
\ar@mcellbox=\box53
\extrarowheight=\dimen174
\NC@list=\toks21
\extratabsurround=\skip51
\backup@length=\skip52
\ar@cellbox=\box54
) (C:\Users\Cliente\AppData\Local\Programs\MiKTeX\tex/latex/tools\longtable.sty
Package: longtable 2025-10-13 v4.24 Multi-page Table package (DPC)
\LTleft=\skip53
\LTright=\skip54
\LTpre=\skip55
\LTpost=\skip56
\LTchunksize=\count293
\LTcapwidth=\dimen175
\LT@head=\box55
\LT@firsthead=\box56
\LT@foot=\box57
\LT@lastfoot=\box58
\LT@gbox=\box59
\LT@cols=\count294
\LT@rows=\count295
\c@LT@tables=\count296
\c@LT@chunks=\count297
\LT@p@ftn=\toks22
) (C:\Users\Cliente\AppData\Local\Programs\MiKTeX\tex/latex/tools\tabularx.sty
Package: tabularx 2023/12/11 v2.12a `tabularx' package (DPC)
\TX@col@width=\dimen176
\TX@old@table=\dimen177
\TX@old@col=\dimen178
\TX@target=\dimen179
\TX@delta=\dimen180
\TX@cols=\count298
\TX@ftn=\toks23
) (C:\Users\Cliente\AppData\Local\Programs\MiKTeX\tex/latex/xcolor\xcolor.sty
Package: xcolor 2024/09/29 v3.02 LaTeX color extensions (UK)
 (C:\Users\Cliente\AppData\Local\Programs\MiKTeX\tex/latex/graphics-cfg\color.cfg
File: color.cfg 2016/01/02 v1.6 sample color configuration
)
Package xcolor Info: Driver file: pdftex.def on input line 274.
 (C:\Users\Cliente\AppData\Local\Programs\MiKTeX\tex/latex/graphics\mathcolor.ltx)
Package xcolor Info: Model `cmy' substituted by `cmy0' on input line 1349.
Package xcolor Info: Model `hsb' substituted by `rgb' on input line 1353.
Package xcolor Info: Model `RGB' extended on input line 1365.
Package xcolor Info: Model `HTML' substituted by `rgb' on input line 1367.
Package xcolor Info: Model `Hsb' substituted by `hsb' on input line 1368.
Package xcolor Info: Model `tHsb' substituted by `hsb' on input line 1369.
Package xcolor Info: Model `HSB' substituted by `hsb' on input line 1370.
Package xcolor Info: Model `Gray' substituted by `gray' on input line 1371.
Package xcolor Info: Model `wave' substituted by `hsb' on input line 1372.
) (C:\Users\Cliente\AppData\Local\Programs\MiKTeX\tex/latex/hyperref\hyperref.sty
Package: hyperref 2025-07-12 v7.01o Hypertext links for LaTeX
 (C:\Users\Cliente\AppData\Local\Programs\MiKTeX\tex/latex/kvsetkeys\kvsetkeys.sty
Package: kvsetkeys 2022-10-05 v1.19 Key value parser (HO)
) (C:\Users\Cliente\AppData\Local\Programs\MiKTeX\tex/generic/kvdefinekeys\kvdefinekeys.sty
Package: kvdefinekeys 2019-12-19 v1.6 Define keys (HO)
) (C:\Users\Cliente\AppData\Local\Programs\MiKTeX\tex/generic/pdfescape\pdfescape.sty
Package: pdfescape 2019/12/09 v1.15 Implements pdfTeX's escape features (HO)
 (C:\Users\Cliente\AppData\Local\Programs\MiKTeX\tex/generic/ltxcmds\ltxcmds.sty
Package: ltxcmds 2023-12-04 v1.26 LaTeX kernel commands for general use (HO)
) (C:\Users\Cliente\AppData\Local\Programs\MiKTeX\tex/generic/pdftexcmds\pdftexcmds.sty
Package: pdftexcmds 2020-06-27 v0.33 Utility functions of pdfTeX for LuaTeX (HO)
 (C:\Users\Cliente\AppData\Local\Programs\MiKTeX\tex/generic/infwarerr\infwarerr.sty
Package: infwarerr 2019/12/03 v1.5 Providing info/warning/error messages (HO)
)
Package pdftexcmds Info: \pdf@primitive is available.
Package pdftexcmds Info: \pdf@ifprimitive is available.
Package pdftexcmds Info: \pdfdraftmode found.
)) (C:\Users\Cliente\AppData\Local\Programs\MiKTeX\tex/latex/hycolor\hycolor.sty
Package: hycolor 2020-01-27 v1.10 Color options for hyperref/bookmark (HO)
) (C:\Users\Cliente\AppData\Local\Programs\MiKTeX\tex/latex/hyperref\nameref.sty
Package: nameref 2025-06-21 v2.57 Cross-referencing by name of section
 (C:\Users\Cliente\AppData\Local\Programs\MiKTeX\tex/latex/refcount\refcount.sty
Package: refcount 2019/12/15 v3.6 Data extraction from label references (HO)
) (C:\Users\Cliente\AppData\Local\Programs\MiKTeX\tex/generic/gettitlestring\gettitlestring.sty
Package: gettitlestring 2019/12/15 v1.6 Cleanup title references (HO)
 (C:\Users\Cliente\AppData\Local\Programs\MiKTeX\tex/latex/kvoptions\kvoptions.sty
Package: kvoptions 2022-06-15 v3.15 Key value format for package options (HO)
))
\c@section@level=\count299
) (C:\Users\Cliente\AppData\Local\Programs\MiKTeX\tex/latex/etoolbox\etoolbox.sty
Package: etoolbox 2025/10/02 v2.5m e-TeX tools for LaTeX (JAW)
\etb@tempcnta=\count300
) (C:\Users\Cliente\AppData\Local\Programs\MiKTeX\tex/generic/stringenc\stringenc.sty
Package: stringenc 2019/11/29 v1.12 Convert strings between diff. encodings (HO)
)
\@linkdim=\dimen181
\Hy@linkcounter=\count301
\Hy@pagecounter=\count302
 (C:\Users\Cliente\AppData\Local\Programs\MiKTeX\tex/latex/hyperref\pd1enc.def
File: pd1enc.def 2025-07-12 v7.01o Hyperref: PDFDocEncoding definition (HO)
Now handling font encoding PD1 ...
... no UTF-8 mapping file for font encoding PD1
) (C:\Users\Cliente\AppData\Local\Programs\MiKTeX\tex/generic/intcalc\intcalc.sty
Package: intcalc 2019/12/15 v1.3 Expandable calculations with integers (HO)
)
\Hy@SavedSpaceFactor=\count303
 (C:\Users\Cliente\AppData\Local\Programs\MiKTeX\tex/latex/hyperref\puenc.def
File: puenc.def 2025-07-12 v7.01o Hyperref: PDF Unicode definition (HO)
Now handling font encoding PU ...
... no UTF-8 mapping file for font encoding PU
)
Package hyperref Info: Hyper figures OFF on input line 4195.
Package hyperref Info: Link nesting OFF on input line 4200.
Package hyperref Info: Hyper index ON on input line 4203.
Package hyperref Info: Plain pages OFF on input line 4210.
Package hyperref Info: Backreferencing OFF on input line 4215.
Package hyperref Info: Implicit mode ON; LaTeX internals redefined.
Package hyperref Info: Bookmarks ON on input line 4462.
\c@Hy@tempcnt=\count304
 (C:\Users\Cliente\AppData\Local\Programs\MiKTeX\tex/latex/url\url.sty
\Urlmuskip=\muskip17
Package: url 2013/09/16  ver 3.4  Verb mode for urls, etc.
)
LaTeX Info: Redefining \url on input line 4801.
\XeTeXLinkMargin=\dimen182
 (C:\Users\Cliente\AppData\Local\Programs\MiKTeX\tex/generic/bitset\bitset.sty
Package: bitset 2019/12/09 v1.3 Handle bit-vector datatype (HO)
 (C:\Users\Cliente\AppData\Local\Programs\MiKTeX\tex/generic/bigintcalc\bigintcalc.sty
Package: bigintcalc 2019/12/15 v1.5 Expandable calculations on big integers (HO)
))
\Fld@menulength=\count305
\Field@Width=\dimen183
\Fld@charsize=\dimen184
Package hyperref Info: Hyper figures OFF on input line 6078.
Package hyperref Info: Link nesting OFF on input line 6083.
Package hyperref Info: Hyper index ON on input line 6086.
Package hyperref Info: backreferencing OFF on input line 6093.
Package hyperref Info: Link coloring OFF on input line 6098.
Package hyperref Info: Link coloring with OCG OFF on input line 6103.
Package hyperref Info: PDF/A mode OFF on input line 6108.
\Hy@abspage=\count306
\c@Item=\count307
\c@Hfootnote=\count308
)
Package hyperref Info: Driver (autodetected): hpdftex.
 (C:\Users\Cliente\AppData\Local\Programs\MiKTeX\tex/latex/hyperref\hpdftex.def
File: hpdftex.def 2025-07-12 v7.01o Hyperref driver for pdfTeX
\Fld@listcount=\count309
\c@bookmark@seq@number=\count310
 (C:\Users\Cliente\AppData\Local\Programs\MiKTeX\tex/latex/rerunfilecheck\rerunfilecheck.sty
Package: rerunfilecheck 2025-06-21 v1.11 Rerun checks for auxiliary files (HO)
 (C:\Users\Cliente\AppData\Local\Programs\MiKTeX\tex/generic/uniquecounter\uniquecounter.sty
Package: uniquecounter 2019/12/15 v1.4 Provide unlimited unique counter (HO)
)
Package uniquecounter Info: New unique counter `rerunfilecheck' on input line 284.
)
\Hy@SectionHShift=\skip57
) (C:\Users\Cliente\AppData\Local\Programs\MiKTeX\tex/latex/amsmath\amsmath.sty
Package: amsmath 2025/07/09 v2.17z AMS math features
\@mathmargin=\skip58

For additional information on amsmath, use the `?' option.
(C:\Users\Cliente\AppData\Local\Programs\MiKTeX\tex/latex/amsmath\amstext.sty
Package: amstext 2024/11/17 v2.01 AMS text
 (C:\Users\Cliente\AppData\Local\Programs\MiKTeX\tex/latex/amsmath\amsgen.sty
File: amsgen.sty 1999/11/30 v2.0 generic functions
\@emptytoks=\toks24
\ex@=\dimen185
)) (C:\Users\Cliente\AppData\Local\Programs\MiKTeX\tex/latex/amsmath\amsbsy.sty
Package: amsbsy 1999/11/29 v1.2d Bold Symbols
\pmbraise@=\dimen186
) (C:\Users\Cliente\AppData\Local\Programs\MiKTeX\tex/latex/amsmath\amsopn.sty
Package: amsopn 2022/04/08 v2.04 operator names
)
\inf@bad=\count311
LaTeX Info: Redefining \frac on input line 233.
\uproot@=\count312
\leftroot@=\count313
LaTeX Info: Redefining \overline on input line 398.
LaTeX Info: Redefining \colon on input line 409.
\classnum@=\count314
\DOTSCASE@=\count315
LaTeX Info: Redefining \ldots on input line 495.
LaTeX Info: Redefining \dots on input line 498.
LaTeX Info: Redefining \cdots on input line 619.
\Mathstrutbox@=\box60
\strutbox@=\box61
LaTeX Info: Redefining \big on input line 721.
LaTeX Info: Redefining \Big on input line 722.
LaTeX Info: Redefining \bigg on input line 723.
LaTeX Info: Redefining \Bigg on input line 724.
\big@size=\dimen187
LaTeX Font Info:    Redeclaring font encoding OML on input line 742.
LaTeX Font Info:    Redeclaring font encoding OMS on input line 743.
\macc@depth=\count316
LaTeX Info: Redefining \bmod on input line 904.
LaTeX Info: Redefining \pmod on input line 909.
LaTeX Info: Redefining \smash on input line 939.
LaTeX Info: Redefining \relbar on input line 969.
LaTeX Info: Redefining \Relbar on input line 970.
\c@MaxMatrixCols=\count317
\dotsspace@=\muskip18
\c@parentequation=\count318
\dspbrk@lvl=\count319
\tag@help=\toks25
\row@=\count320
\column@=\count321
\maxfields@=\count322
\andhelp@=\toks26
\eqnshift@=\dimen188
\alignsep@=\dimen189
\tagshift@=\dimen190
\tagwidth@=\dimen191
\totwidth@=\dimen192
\lineht@=\dimen193
\@envbody=\toks27
\multlinegap=\skip59
\multlinetaggap=\skip60
\mathdisplay@stack=\toks28
LaTeX Info: Redefining \[ on input line 2950.
LaTeX Info: Redefining \] on input line 2951.
) (C:\Users\Cliente\AppData\Local\Programs\MiKTeX\tex/latex/amsfonts\amssymb.sty
Package: amssymb 2013/01/14 v3.01 AMS font symbols
 (C:\Users\Cliente\AppData\Local\Programs\MiKTeX\tex/latex/amsfonts\amsfonts.sty
Package: amsfonts 2013/01/14 v3.01 Basic AMSFonts support
\symAMSa=\mathgroup4
\symAMSb=\mathgroup5
LaTeX Font Info:    Redeclaring math symbol \hbar on input line 98.
LaTeX Font Info:    Overwriting math alphabet `\mathfrak' in version `bold'
(Font)                  U/euf/m/n --> U/euf/b/n on input line 106.
)) (C:\Users\Cliente\AppData\Local\Programs\MiKTeX\tex/latex/caption\caption.sty
Package: caption 2023/08/05 v3.6o Customizing captions (AR)
 (C:\Users\Cliente\AppData\Local\Programs\MiKTeX\tex/latex/caption\caption3.sty
Package: caption3 2023/07/31 v2.4d caption3 kernel (AR)
\caption@tempdima=\dimen194
\captionmargin=\dimen195
\caption@leftmargin=\dimen196
\caption@rightmargin=\dimen197
\caption@width=\dimen198
\caption@indent=\dimen199
\caption@parindent=\dimen256
\caption@hangindent=\dimen257
Package caption Info: Standard document class detected.
)
\c@caption@flags=\count323
\c@continuedfloat=\count324
Package caption Info: hyperref package is loaded.
Package caption Info: longtable package is loaded.
 (C:\Users\Cliente\AppData\Local\Programs\MiKTeX\tex/latex/caption\ltcaption.sty
Package: ltcaption 2021/01/08 v1.4c longtable captions (AR)
)) (C:\Users\Cliente\AppData\Local\Programs\MiKTeX\tex/latex/float\float.sty
Package: float 2001/11/08 v1.3d Float enhancements (AL)
\c@float@type=\count325
\float@exts=\toks29
\float@box=\box62
\@float@everytoks=\toks30
\@floatcapt=\box63
) (C:\Users\Cliente\AppData\Local\Programs\MiKTeX\tex/latex/fancyhdr\fancyhdr.sty
Package: fancyhdr 2025/02/07 v5.2 Extensive control of page headers and footers
\f@nch@headwidth=\skip61
\f@nch@offset@elh=\skip62
\f@nch@offset@erh=\skip63
\f@nch@offset@olh=\skip64
\f@nch@offset@orh=\skip65
\f@nch@offset@elf=\skip66
\f@nch@offset@erf=\skip67
\f@nch@offset@olf=\skip68
\f@nch@offset@orf=\skip69
\f@nch@height=\skip70
\f@nch@footalignment=\skip71
\f@nch@widthL=\skip72
\f@nch@widthC=\skip73
\f@nch@widthR=\skip74
\@temptokenb=\toks31
) (C:\Users\Cliente\AppData\Local\Programs\MiKTeX\tex/latex/setspace\setspace.sty
Package: setspace 2022/12/04 v6.7b set line spacing
)
Package hyperref Info: Option `colorlinks' set `true' on input line 34.
 (C:\Users\Cliente\AppData\Local\Programs\MiKTeX\tex/latex/l3backend\l3backend-pdftex.def
File: l3backend-pdftex.def 2025-10-09 L3 backend support: PDF output (pdfTeX)
\l__color_backend_stack_int=\count326
) (main.aux
Package babel Info: 'brazil' activates 'portuges' shorthands.
(babel)             Reported on input line 9.
)
\openout1 = `main.aux'.

LaTeX Font Info:    Checking defaults for OML/cmm/m/it on input line 70.
LaTeX Font Info:    ... okay on input line 70.
LaTeX Font Info:    Checking defaults for OMS/cmsy/m/n on input line 70.
LaTeX Font Info:    ... okay on input line 70.
LaTeX Font Info:    Checking defaults for OT1/cmr/m/n on input line 70.
LaTeX Font Info:    ... okay on input line 70.
LaTeX Font Info:    Checking defaults for T1/cmr/m/n on input line 70.
LaTeX Font Info:    ... okay on input line 70.
LaTeX Font Info:    Checking defaults for TS1/cmr/m/n on input line 70.
LaTeX Font Info:    ... okay on input line 70.
LaTeX Font Info:    Checking defaults for OMX/cmex/m/n on input line 70.
LaTeX Font Info:    ... okay on input line 70.
LaTeX Font Info:    Checking defaults for U/cmr/m/n on input line 70.
LaTeX Font Info:    ... okay on input line 70.
LaTeX Font Info:    Checking defaults for PD1/pdf/m/n on input line 70.
LaTeX Font Info:    ... okay on input line 70.
LaTeX Font Info:    Checking defaults for PU/pdf/m/n on input line 70.
LaTeX Font Info:    ... okay on input line 70.

*geometry* driver: auto-detecting
*geometry* detected driver: pdftex
*geometry* verbose mode - [ preamble ] result:
* driver: pdftex
* paper: a4paper
* layout: <same size as paper>
* layoutoffset:(h,v)=(0.0pt,0.0pt)
* modes: 
* h-part:(L,W,R)=(71.13188pt, 455.24411pt, 71.13188pt)
* v-part:(T,H,B)=(71.13188pt, 702.78308pt, 71.13188pt)
* \paperwidth=597.50787pt
* \paperheight=845.04684pt
* \textwidth=455.24411pt
* \textheight=702.78308pt
* \oddsidemargin=-1.1381pt
* \evensidemargin=-1.1381pt
* \topmargin=-38.1381pt
* \headheight=15.0pt
* \headsep=25.0pt
* \topskip=12.0pt
* \footskip=30.0pt
* \marginparwidth=35.0pt
* \marginparsep=10.0pt
* \columnsep=10.0pt
* \skip\footins=10.8pt plus 4.0pt minus 2.0pt
* \hoffset=0.0pt
* \voffset=0.0pt
* \mag=1000
* \@twocolumnfalse
* \@twosidefalse
* \@mparswitchfalse
* \@reversemarginfalse
* (1in=72.27pt=25.4mm, 1cm=28.453pt)

(C:\Users\Cliente\AppData\Local\Programs\MiKTeX\tex/context/base/mkii\supp-pdf.mkii
[Loading MPS to PDF converter (version 2006.09.02).]
\scratchcounter=\count327
\scratchdimen=\dimen258
\scratchbox=\box64
\nofMPsegments=\count328
\nofMParguments=\count329
\everyMPshowfont=\toks32
\MPscratchCnt=\count330
\MPscratchDim=\dimen259
\MPnumerator=\count331
\makeMPintoPDFobject=\count332
\everyMPtoPDFconversion=\toks33
) (C:\Users\Cliente\AppData\Local\Programs\MiKTeX\tex/latex/epstopdf-pkg\epstopdf-base.sty
Package: epstopdf-base 2020-01-24 v2.11 Base part for package epstopdf
Package epstopdf-base Info: Redefining graphics rule for `.eps' on input line 485.
 (C:\Users\Cliente\AppData\Local\Programs\MiKTeX\tex/latex/00miktex\epstopdf-sys.cfg
File: epstopdf-sys.cfg 2021/03/18 v2.0 Configuration of epstopdf for MiKTeX
))
Package hyperref Info: Link coloring ON on input line 70.
 (main.out) (main.out)
\@outlinefile=\write3
\openout3 = `main.out'.

Package caption Info: Begin \AtBeginDocument code.
Package caption Info: float package is loaded.
Package caption Info: End \AtBeginDocument code.
 [1

{C:/Users/Cliente/AppData/Local/MiKTeX/fonts/map/pdftex/pdftex.map}]
LaTeX Font Info:    Trying to load font information for U+msa on input line 97.
 (C:\Users\Cliente\AppData\Local\Programs\MiKTeX\tex/latex/amsfonts\umsa.fd
File: umsa.fd 2013/01/14 v3.01 AMS symbols A
)
LaTeX Font Info:    Trying to load font information for U+msb on input line 97.
 (C:\Users\Cliente\AppData\Local\Programs\MiKTeX\tex/latex/amsfonts\umsb.fd
File: umsb.fd 2013/01/14 v3.01 AMS symbols B
) [1

] [2

] (main.toc [3

]
Package babel Info: 'brazil' activates 'portuges' shorthands.
(babel)             Reported on input line 68.
 [4])
\tf@toc=\write4
\openout4 = `main.toc'.

 [5] (main.lof)
\tf@lof=\write5
\openout5 = `main.lof'.

 [6

] (main.lot [7

])
\tf@lot=\write6
\openout6 = `main.lot'.

 [8]
Overfull \hbox (6.42001pt too wide) in paragraph at lines 128--129
[]\T1/cmr/m/n/10.95 Componentes ope-ra-ci-o-nais de porto ou ter-mi-nal in-clu-í-dos ape-nas quando
 []

[9

] [10] [11] (chapters/ch01_introducao.tex
Cap\'{\i }tulo 1.

pdfTeX warning (ext4): destination with the same identifier (name{page.1}) has been already used, duplicate ignored
<to be read again> 
                   \relax 
l.11 
      [1


]) (chapters/ch02_objetivos.tex [2]
Cap\'{\i }tulo 2.
[3

]) (chapters/ch03_revisao_bibliografica.tex [4]
Cap\'{\i }tulo 3.
[5

]

Package hyperref Warning: Token not allowed in a PDF string (Unicode):
(hyperref)                removing `math shift' on input line 27.


Package hyperref Warning: Token not allowed in a PDF string (Unicode):
(hyperref)                removing `subscript' on input line 27.


Package hyperref Warning: Token not allowed in a PDF string (Unicode):
(hyperref)                removing `math shift' on input line 27.


Package hyperref Warning: Token not allowed in a PDF string (Unicode):
(hyperref)                removing `math shift' on input line 27.


Package hyperref Warning: Token not allowed in a PDF string (Unicode):
(hyperref)                removing `subscript' on input line 27.


Package hyperref Warning: Token not allowed in a PDF string (Unicode):
(hyperref)                removing `math shift' on input line 27.

[6] [7]
Underfull \hbox (badness 1348) in paragraph at lines 70--70
[]|\T1/cmr/m/n/10.95 Short sea ship-ping e
 []


Underfull \hbox (badness 10000) in paragraph at lines 70--70
[]|\T1/cmr/m/n/10.95 Năo for-nece fa-tor terminal-
 []

) (chapters/ch04_metodologia.tex [8]
Cap\'{\i }tulo 4.

Underfull \hbox (badness 4181) in paragraph at lines 27--27
[]|\T1/cmr/m/n/10.95 Cadeia porta a porta for-
 []


Underfull \hbox (badness 10000) in paragraph at lines 27--27
[]|\T1/cmr/m/n/10.95 Rodovia-cabotagem-
 []


Underfull \hbox (badness 1642) in paragraph at lines 27--27
[]|\T1/cmr/m/n/10.95 Cadeia com acesso ter-res-tre
 []


Underfull \hbox (badness 7291) in paragraph at lines 27--27
\T1/cmr/m/n/10.95 tos/hoteling con-forme fron-
 []

[9

]
Underfull \hbox (badness 1496) in paragraph at lines 54--54
[]|\T1/cmr/m/n/10.95 Distâncias ro-do-vi-á-rias di-re-tas,
 []


Underfull \hbox (badness 1221) in paragraph at lines 54--54
[]|\T1/cmr/m/n/10.95 Rota mo-de-lada por pro-ve-dor,
 []


Underfull \hbox (badness 10000) in paragraph at lines 54--54
\T1/cmtt/m/n/10.95 external_reference\T1/cmr/m/n/10.95 ,
 []


Underfull \hbox (badness 10000) in paragraph at lines 54--54
\T1/cmtt/m/n/10.95 manual_override \T1/cmr/m/n/10.95 ou
 []

[10]
Underfull \hbox (badness 10000) in paragraph at lines 85--85
[]|\T1/cmr/m/n/10.95 Emissőes ope-ra-ci-o-nais TTW
 []


Underfull \hbox (badness 1910) in paragraph at lines 85--85
\T1/cmr/m/n/10.95 as-so-ci-a-das ao com-bus-tí-vel na
 []


Underfull \hbox (badness 4429) in paragraph at lines 85--85
[]|\T1/cmr/m/n/10.95 Equivalęncia au-to-má-tica com
 []


Underfull \hbox (badness 2005) in paragraph at lines 85--85
[]|\T1/cmr/m/n/10.95 Otimizaçăo na-ci-o-nal de rede,
 []

[11] [12] [13]
Underfull \hbox (badness 10000) in paragraph at lines 152--152
[]|\T1/cmr/m/n/10.95 Roteamento ro-do-vi-á-
 []


Underfull \hbox (badness 10000) in paragraph at lines 152--152
[]|\T1/cmr/m/n/10.95 Distância ma-rí-tima ma-tri-cial
 []


Underfull \hbox (badness 2229) in paragraph at lines 152--152
[]|\T1/cmr/m/n/10.95 Estimativa ge-o-mé-trica quando
 []

[14]
Underfull \hbox (badness 10000) in paragraph at lines 195--195
[]|\T1/cmtt/m/n/10.95 sensitivity_only \T1/cmr/m/n/10.95 /
 []


Underfull \hbox (badness 1337) in paragraph at lines 195--195
[]|\T1/cmr/m/n/10.95 Discussăo con-di-ci-o-nada, sem
 []

[15]) (chapters/ch05_implementacao_computacional.tex [16]
Cap\'{\i }tulo 5.
[17

]
Underfull \hbox (badness 3482) in paragraph at lines 34--34
\T1/cmr/m/n/10.95 tân-cia ma-rí-tima, com-bus-tí-veis,
 []


Underfull \hbox (badness 2478) in paragraph at lines 34--34
[]|\T1/cmr/m/n/10.95 Reprocessa vi-a-gens ob-ser-va-das,
 []


Underfull \hbox (badness 6741) in paragraph at lines 34--34
[]|\T1/cmr/m/n/10.95 Base com-pu-ta-ci-o-nal do-cu-men-
 []

[18] [19]
Underfull \hbox (badness 1472) in paragraph at lines 77--77
[]|\T1/cmr/m/n/10.95 Converte in-su-mos de di-e-sel e
 []


Underfull \hbox (badness 3525) in paragraph at lines 77--77
[]|\T1/cmr/m/n/10.95 UF, fonte, de-fault/fallback e
 []


Underfull \hbox (badness 1292) in paragraph at lines 77--77
[]|\T1/cmr/m/n/10.95 Detalhes por perna, alo-ca-çăo,
 []


Overfull \hbox (4.43298pt too wide) in paragraph at lines 77--77
[]|\T1/cmr/m/n/10.95 Persistęncia/exportaçăo| 
 []


Underfull \hbox (badness 6775) in paragraph at lines 77--77
[]|\T1/cmr/m/n/10.95 Identificador, ca-che hit/miss,
 []

[20] [21]) (chapters/ch06_validacao_evidencia.tex [22]
Cap\'{\i }tulo 6.

Underfull \hbox (badness 3623) in paragraph at lines 27--27
[]|\T1/cmr/m/n/10.95 Classifica de-ci-sőes, ex-clu-sőes,
 []


Underfull \hbox (badness 10000) in paragraph at lines 27--27
[]|\T1/cmr/m/n/10.95 Sensibilidades Batch
 []


Underfull \hbox (badness 10000) in paragraph at lines 27--27
[]|\T1/cmr/m/n/10.95 Evidęncia sen-sí-vel; năo
 []


Underfull \hbox (badness 10000) in paragraph at lines 27--27
\T1/cmr/m/n/10.95 re-sul-tado ro-busto nem
 []


Underfull \hbox (badness 10000) in paragraph at lines 27--27
[]|\T1/cmr/m/n/10.95 Batch 002 Gus-
 []


Underfull \hbox (badness 3333) in paragraph at lines 27--27
\T1/cmr/m/n/10.95 năo re-pro-du-çăo ca-li-brada de
 []


Underfull \hbox (badness 5475) in paragraph at lines 27--27
[]|\T1/cmr/m/n/10.95 Reconciliaçăo ro-do-vi-á-
 []


Underfull \hbox (badness 10000) in paragraph at lines 27--27
[]|\T1/cmr/m/n/10.95 Testa pre-mis-sas ro-do-vi-á-rias
 []


Underfull \hbox (badness 6725) in paragraph at lines 27--27
[]|\T1/cmr/m/n/10.95 Explica parte do de-sa-li-nha-
 []

[23

]
Underfull \hbox (badness 10000) in paragraph at lines 52--52
[]|\T1/cmr/m/n/10.95 Diagnóstico his-tó-rico;
 []


Underfull \hbox (badness 3525) in paragraph at lines 52--52
[]|\T1/cmr/m/n/10.95 Manaus -- For-ta-
 []


Underfull \hbox (badness 10000) in paragraph at lines 52--52
[]|\T1/cmr/m/n/10.95 Diagnóstico his-tó-rico;
 []


Underfull \hbox (badness 10000) in paragraph at lines 52--52
\T1/cmr/m/n/10.95 ca-deia de-pois ex-clu-ída
 []


Underfull \hbox (badness 1077) in paragraph at lines 52--52
\T1/cmr/m/n/10.95 fe-ręn-cia exata de Re-cife
 []


Underfull \hbox (badness 1052) in paragraph at lines 78--78
[]|\T1/cmr/m/n/10.95 Registro his-tó-rico pre-ser-
 []


Underfull \hbox (badness 1867) in paragraph at lines 78--78
[]|\T1/cmr/m/n/10.95 Explicar li-mite de cons-tru-çăo de
 []


Underfull \hbox (badness 10000) in paragraph at lines 78--78
[]|\T1/cmr/m/n/10.95 Justificar ex-clu-săo me-to-do-ló-gica;
 []


Overfull \hbox (6.1232pt too wide) in paragraph at lines 78--78
[]|\T1/cmtt/m/n/10.95 sensitivity_discussion
 []


Underfull \hbox (badness 2334) in paragraph at lines 78--78
[]|\T1/cmr/m/n/10.95 Discutir com-por-ta-mento sob pre-
 []

[24] [25]
Overfull \hbox (35.51654pt too wide) in paragraph at lines 103--103
[]|\T1/cmtt/m/n/10.95 TF-VAL-001B-SENS-002-REFDIST| 
 []


Overfull \hbox (46.83328pt too wide) in paragraph at lines 103--103
[]|\T1/cmtt/m/n/10.95 TF-VAL-001B-SENS-003B-ALTPECEM| 
 []


Overfull \hbox (46.83328pt too wide) in paragraph at lines 103--103
[]|\T1/cmtt/m/n/10.95 TF-VAL-001B-SENS-005B-ALTSUAPE| 
 []


Overfull \hbox (0.63898pt too wide) in paragraph at lines 108--108
[]\T1/cmr/bx/n/17.28 Batch 002 Gus-tavo/Costa como ben-ch-mark ex-terno
 []

[26]
Underfull \hbox (badness 10000) in paragraph at lines 128--128
[]|\T1/cmr/m/n/10.95 Todas as li-nhas săo
 []

[27]
Underfull \hbox (badness 1394) in paragraph at lines 155--155
[]|\T1/cmr/m/n/10.95 Reduz hi-pó-tese de ins-ta-bi-li-dade
 []


Underfull \hbox (badness 2229) in paragraph at lines 155--155
[]|\T1/cmr/m/n/10.95 As 21 per-nas di-re-tas, 21 pre-
 []


Underfull \hbox (badness 1152) in paragraph at lines 155--155
\T1/cmr/m/n/10.95 carriage e 21 on-carriage fo-ram
 []


Underfull \hbox (badness 10000) in paragraph at lines 155--155
[]|\T1/cmr/m/n/10.95 201,0%/150,5% $\OMS/cmsy/m/n/10.95 !$
 []


Underfull \hbox (badness 1960) in paragraph at lines 188--188
[]|\T1/cmr/m/n/10.95 Usado ape-nas no di-ag-nós-tico;
 []


Underfull \hbox (badness 1237) in paragraph at lines 188--188
\T1/cmr/m/n/10.95 năo subs-ti-tui pre-set da fer-ra-
 []


Underfull \hbox (badness 10000) in paragraph at lines 188--188
[]|$\OML/cmm/m/it/10.95 FD[] \OT1/cmr/m/n/10.95 = 86[]5$
 []


Underfull \hbox (badness 2334) in paragraph at lines 188--188
[]|\T1/cmr/m/n/10.95 Fator de fron-teira do ben-ch-
 []


Underfull \hbox (badness 10000) in paragraph at lines 188--188
[]|\T1/cmr/m/n/10.95 0,8602944 kg
 []


Underfull \hbox (badness 5607) in paragraph at lines 188--188
[]|\T1/cmr/m/n/10.95 Sensibilidade de ali-nha-mento,
 []


Underfull \hbox (badness 3503) in paragraph at lines 188--188
\T1/cmr/m/n/10.95 parte re-le-vante do de-sa-li-nha-
 []


Overfull \hbox (119.73459pt too wide) in paragraph at lines 191--192
\T1/cmr/m/n/12 dia e me-di-ana do lado road-only. O uso se-guro dessa ca-mada é \T1/cmtt/m/n/12 benchmark_supports_road_factor_explanation\T1/cmr/m/n/12 :
 []

[28]
Underfull \hbox (badness 10000) in paragraph at lines 209--210
[]|\T1/cmr/m/n/12 Promover qual-quer caso
 []


Overfull \hbox (8.34904pt too wide) in paragraph at lines 210--210
[]|\T1/cmtt/m/n/12 sensitivity_discussion| 
 []


Underfull \hbox (badness 2951) in paragraph at lines 211--211
[]|\T1/cmr/m/n/12 Explicar li-mi-ta-çőes, como
 []


Overfull \hbox (2.17555pt too wide) in paragraph at lines 215--215
[]|\T1/cmtt/m/n/12 historical_diagnostic| 
 []


Underfull \hbox (badness 2884) in paragraph at lines 215--215
[]|\T1/cmr/m/n/12 Mostrar evo-lu-çăo do mé-
 []


Overfull \hbox (45.39pt too wide) in paragraph at lines 216--216
[]|\T1/cmtt/m/n/12 benchmark_supports_direction| 
 []


Underfull \hbox (badness 1635) in paragraph at lines 216--217
[]|\T1/cmr/m/n/12 Alegar va-li-da-çăo ca-li-brada
 []


Overfull \hbox (131.8189pt too wide) in paragraph at lines 217--217
[]|\T1/cmtt/m/n/12 benchmark_supports_road_factor_explanation| 
 []


Overfull \hbox (39.2165pt too wide) in paragraph at lines 218--218
[]|\T1/cmtt/m/n/12 benchmark_boundary_mismatch| 
 []


Underfull \hbox (badness 10000) in paragraph at lines 218--218
[]|\T1/cmr/m/n/12 Preservar cau-tela en-tre
 []


Underfull \hbox (badness 2980) in paragraph at lines 219--220
[]|\T1/cmr/m/n/12 Transformar em evi-dęn-cia
 []

chapters/ch06_validacao_evidencia.tex:221: ignored error: Infinite glue shrinkage found in box being split [29]) (chapters/ch07_resultados.tex [30]
Cap\'{\i }tulo 7.

Overfull \hbox (20.65904pt too wide) in paragraph at lines 26--26
[]|\T1/cmtt/m/n/10.95 historical_diagnostic\T1/cmr/m/n/10.95 .| 
 []


Underfull \hbox (badness 1960) in paragraph at lines 26--26
\T1/cmr/m/n/10.95 clu-í-das ou pre-pa-ra-
 []


Underfull \hbox (badness 10000) in paragraph at lines 26--26
[]|\T1/cmr/m/n/10.95 Mostrar com-por-ta-
 []


Underfull \hbox (badness 10000) in paragraph at lines 26--26
[]|\T1/cmr/m/n/10.95 Todos
 []


Overfull \hbox (37.63416pt too wide) in paragraph at lines 26--26
\T1/cmtt/m/n/10.95 same_direction_large_gap\T1/cmr/m/n/10.95 .| 
 []


Underfull \hbox (badness 2653) in paragraph at lines 26--26
[]|\T1/cmr/m/n/10.95 Células Batch 002 năo
 []


Underfull \hbox (badness 1817) in paragraph at lines 26--26
[]|\T1/cmr/m/n/10.95 6 self-pairs e 9 li-
 []


Underfull \hbox (badness 3668) in paragraph at lines 26--26
[]|\T1/cmr/m/n/10.95 Registrar li-mite de
 []

[31

]
Overfull \hbox (10.21127pt too wide) in paragraph at lines 31--31
[]\T1/cmr/bx/n/17.28 Resultados his-tó-ri-cos e de-ci-sőes me-to-do-ló-gi-cas Batch
 []


Underfull \hbox (badness 10000) in paragraph at lines 52--52
[]|\T1/cmtt/m/n/10.95 TF-VAL-001 \T1/cmr/m/n/10.95 a
 []


Overfull \hbox (14.1216pt too wide) in paragraph at lines 52--52
[]|\T1/cmtt/m/n/10.95 historical_diagnostic| 
 []


Underfull \hbox (badness 10000) in paragraph at lines 52--52
[]|\T1/cmr/m/n/10.95 Registrar
 []


Underfull \hbox (badness 10000) in paragraph at lines 52--52
\T1/cmr/m/n/10.95 San-
 []


Underfull \hbox (badness 10000) in paragraph at lines 52--52
\T1/cmr/m/n/10.95 tos/Santos
 []


Underfull \hbox (badness 10000) in paragraph at lines 52--52
\T1/cmr/m/n/10.95 como li-mite
 []


Underfull \hbox (badness 10000) in paragraph at lines 52--52
[]|\T1/cmtt/m/n/10.95 TF-VAL-001B-002\T1/cmr/m/n/10.95 ,
 []


Overfull \hbox (19.77997pt too wide) in paragraph at lines 52--52
[]|\T1/cmtt/m/n/10.95 sensitivity_discussion| 
 []


Underfull \hbox (badness 10000) in paragraph at lines 52--52
[]|\T1/cmr/m/n/10.95 Origem das
 []


Underfull \hbox (badness 10000) in paragraph at lines 52--52
\T1/cmr/m/n/10.95 tręs sen-si-
 []


Underfull \hbox (badness 10000) in paragraph at lines 52--52
\T1/cmr/m/n/10.95 bi-li-da-des
 []


Underfull \hbox (badness 10000) in paragraph at lines 52--52
[]|\T1/cmtt/m/n/10.95 TF-VAL-001B-003A\T1/cmr/m/n/10.95 ,
 []


Underfull \hbox (badness 10000) in paragraph at lines 52--52
[]|\T1/cmr/m/n/10.95 Lacunas de
 []


Underfull \hbox (badness 10000) in paragraph at lines 52--52
\T1/cmr/m/n/10.95 dis-tân-cia
 []


Underfull \hbox (badness 10000) in paragraph at lines 52--52
[]|\T1/cmr/m/n/10.95 Excluir
 []


Underfull \hbox (badness 10000) in paragraph at lines 52--52
\T1/cmr/m/n/10.95 An-gra dos
 []


Overfull \hbox (2.83159pt too wide) in paragraph at lines 52--52
\T1/cmr/m/n/10.95 Reis/Salvador
 []


Underfull \hbox (badness 10000) in paragraph at lines 52--52
[]|\T1/cmr/m/n/10.95 Bloqueio me-to-do-ló-
 []


Overfull \hbox (2.80486pt too wide) in paragraph at lines 52--52
[]|\T1/cmtt/m/n/10.95 methodology_blocked| 
 []


Underfull \hbox (badness 10000) in paragraph at lines 52--52
[]|\T1/cmr/m/n/10.95 Registrar
 []


Underfull \hbox (badness 10000) in paragraph at lines 52--52
\T1/cmr/m/n/10.95 de-ci-săo de
 []


Underfull \hbox (badness 10000) in paragraph at lines 52--52
\T1/cmr/m/n/10.95 porto ainda
 []


Overfull \hbox (30.37477pt too wide) in paragraph at lines 60--61
\T1/cmr/m/n/12 Foram exe-cu-ta-das tręs li-nhas de sen-si-bi-li-dade do Batch 001B: \T1/cmtt/m/n/12 TF-VAL-001B-SENS-002-REFDIST\T1/cmr/m/n/12 ,
 []

[32]
Underfull \hbox (badness 10000) in paragraph at lines 76--76
[]|\T1/cmr/m/n/8 Rio Grande--
 []


Overfull \hbox (123.15443pt too wide) in alignment at lines 76--76
[][][][][][][][] 
 []

[33]
Underfull \hbox (badness 10000) in paragraph at lines 132--132
[]|\T1/cmr/m/n/8 Rastreabilidade com-
 []


Underfull \hbox (badness 10000) in paragraph at lines 132--132
[]|\T1/cmr/m/n/8 Mostrar
 []


Underfull \hbox (badness 10000) in paragraph at lines 132--132
\T1/cmr/m/n/8 reu-ti-li-za-çăo
 []


Underfull \hbox (badness 10000) in paragraph at lines 132--132
\T1/cmr/m/n/8 ca-che-a-das,
 []


Underfull \hbox (badness 5203) in paragraph at lines 132--132
\T1/cmr/m/n/8 sem va-li-dar
 []


Underfull \hbox (badness 10000) in paragraph at lines 132--132
[]|\T1/cmr/m/n/8 Divergęncia ro-do-vi-á-ria mé-
 []


Overfull \hbox (19.72658pt too wide) in paragraph at lines 132--132
[]|\T1/cmtt/m/n/8 benchmark_methodology_gap| 
 []


Overfull \hbox (11.42986pt too wide) in paragraph at lines 132--132
[]|\T1/cmr/m/n/8 Cache/provedor
 []


Underfull \hbox (badness 4556) in paragraph at lines 132--132
\T1/cmr/m/n/8 como causa
 []


Underfull \hbox (badness 10000) in paragraph at lines 132--132
\T1/cmr/m/n/8 prin-ci-pal
 []


Underfull \hbox (badness 10000) in paragraph at lines 132--132
\T1/cmr/m/n/8 da la-cuna
 []


Underfull \hbox (badness 10000) in paragraph at lines 132--132
[]|\T1/cmr/m/n/8 Divergęncia mul-ti-mo-dal mé-
 []


Overfull \hbox (28.2245pt too wide) in paragraph at lines 132--132
[]|\T1/cmtt/m/n/8 benchmark_boundary_mismatch| 
 []


Underfull \hbox (badness 10000) in paragraph at lines 132--132
[]|\T1/cmr/m/n/8 Divergęncia
 []


Underfull \hbox (badness 10000) in paragraph at lines 132--132
\T1/cmr/m/n/8 re-si-dual
 []


Underfull \hbox (badness 10000) in paragraph at lines 132--132
\T1/cmr/m/n/8 per-ma-nece
 []


Underfull \hbox (badness 10000) in paragraph at lines 132--132
\T1/cmr/m/n/8 me-to-do-ló-
 []


Underfull \hbox (badness 10000) in paragraph at lines 132--132
\T1/cmr/m/n/8 gica e de
 []


Overfull \hbox (91.95894pt too wide) in paragraph at lines 132--132
[]|\T1/cmtt/m/n/8 benchmark_supports_road_factor_explanation| 
 []


Overfull \hbox (0.60472pt too wide) in paragraph at lines 132--132
[]|\T1/cmr/m/n/8 Sensibilidade
 []


Underfull \hbox (badness 10000) in paragraph at lines 132--132
\T1/cmr/m/n/8 de ali-nha-
 []


Underfull \hbox (badness 4467) in paragraph at lines 132--132
\T1/cmr/m/n/8 mento, năo
 []


Underfull \hbox (badness 10000) in paragraph at lines 132--132
\T1/cmr/m/n/8 novo fa-tor
 []


Underfull \hbox (badness 1221) in paragraph at lines 132--132
\T1/cmr/m/n/8 de li-nha de
 []


Underfull \hbox (badness 10000) in paragraph at lines 132--132
[]|\T1/cmr/m/n/8 Diagnóstico de pre-
 []


Underfull \hbox (badness 2050) in paragraph at lines 132--132
[]|\T1/cmr/m/n/8 Indicar sen-
 []


Underfull \hbox (badness 5954) in paragraph at lines 132--132
\T1/cmr/m/n/8 si-bi-li-dade a
 []


Underfull \hbox (badness 10000) in paragraph at lines 132--132
\T1/cmr/m/n/8 pre-mis-sas
 []

[34]
Underfull \hbox (badness 10000) in paragraph at lines 163--163
[]|\T1/cmr/m/n/10.95 5 ca-sos his-tó-ri-cos
 []


Overfull \hbox (14.1216pt too wide) in paragraph at lines 163--163
[]|\T1/cmtt/m/n/10.95 historical_diagnostic| 
 []


Underfull \hbox (badness 10000) in paragraph at lines 163--163
[]|\T1/cmr/m/n/10.95 Resultado cor-ri-gido
 []


Underfull \hbox (badness 10000) in paragraph at lines 163--163
[]|\T1/cmr/m/n/10.95 Diversas ca-te-go-rias
 []


Underfull \hbox (badness 10000) in paragraph at lines 163--163
[]|\T1/cmr/m/n/10.95 Execuçăo nu-mé-rica
 []


Underfull \hbox (badness 2547) in paragraph at lines 163--163
\T1/cmr/m/n/10.95 de to-das as li-nhas
 []


Underfull \hbox (badness 2608) in paragraph at lines 163--163
[]|\T1/cmr/m/n/10.95 3 li-nhas com mul-
 []


Underfull \hbox (badness 5490) in paragraph at lines 163--163
\T1/cmr/m/n/10.95 ti-mo-dal me-nor em
 []


Underfull \hbox (badness 3679) in paragraph at lines 163--163
[]|\T1/cmr/m/n/10.95 Linha de base ro-
 []


Underfull \hbox (badness 1253) in paragraph at lines 163--163
\T1/cmr/m/n/10.95 busta, va-li-da-çăo do
 []


Underfull \hbox (badness 10000) in paragraph at lines 163--163
\T1/cmr/m/n/10.95 porto ori-gi-nal ou
 []


Underfull \hbox (badness 1616) in paragraph at lines 163--163
[]|\T1/cmr/m/n/10.95 21/21 pa-res ali-nha-
 []


Overfull \hbox (53.7302pt too wide) in paragraph at lines 163--163
[]|\T1/cmtt/m/n/10.95 benchmark_supports_direction| 
 []


Underfull \hbox (badness 10000) in paragraph at lines 163--163
[]|\T1/cmr/m/n/10.95 Reproduçăo exata,
 []


Underfull \hbox (badness 1082) in paragraph at lines 163--163
\T1/cmr/m/n/10.95 ca-li-bra-çăo ou work-
 []


Underfull \hbox (badness 1496) in paragraph at lines 163--163
\T1/cmr/m/n/10.95 book como ver-dade
 []


Overfull \hbox (36.75508pt too wide) in paragraph at lines 163--163
[]|\T1/cmtt/m/n/10.95 benchmark_methodology_gap| 
 []


Underfull \hbox (badness 10000) in paragraph at lines 163--163
[]|\T1/cmr/m/n/10.95 Divergęncia ro-do-vi-
 []


Underfull \hbox (badness 5847) in paragraph at lines 163--163
\T1/cmr/m/n/10.95 á-ria re-du-zida para
 []


Overfull \hbox (132.94739pt too wide) in paragraph at lines 163--163
[]|\T1/cmtt/m/n/10.95 benchmark_supports_road_factor_explanation| 
 []


Underfull \hbox (badness 6758) in paragraph at lines 163--163
[]|\T1/cmr/m/n/10.95 Resultado prin-ci-pal
 []


Underfull \hbox (badness 10000) in paragraph at lines 163--163
[]|\T1/cmr/m/n/10.95 Sem
 []


Underfull \hbox (badness 10000) in paragraph at lines 163--163
[]|\T1/cmr/m/n/10.95 Superioridade uni-
 []

) (chapters/ch08_discussao.tex [35] [36]
Cap\'{\i }tulo 8.
[37

] [38]
Underfull \hbox (badness 10000) in paragraph at lines 54--54
[]|\T1/cmr/m/n/10.95 Benchmark Gus-
 []


Underfull \hbox (badness 1400) in paragraph at lines 54--54
[]|\T1/cmr/m/n/10.95 Acrescenta con-traste ex-terno
 []


Underfull \hbox (badness 1810) in paragraph at lines 54--54
\T1/cmr/m/n/10.95 ca-çăo, porto, ser-viço, port-
 []

[39] [40]) (chapters/ch09_limitacoes.tex [41]
Cap\'{\i }tulo 9.
[42

]

Package hyperref Warning: Token not allowed in a PDF string (Unicode):
(hyperref)                removing `math shift' on input line 34.


Package hyperref Warning: Token not allowed in a PDF string (Unicode):
(hyperref)                removing `subscript' on input line 34.


Package hyperref Warning: Token not allowed in a PDF string (Unicode):
(hyperref)                removing `math shift' on input line 34.

[43] [44]
Overfull \hbox (19.66995pt too wide) in paragraph at lines 74--74
[]\T1/cmr/bx/n/17.28 Fronteira de va-li-da-çăo: sen-si-bi-li-da-des, Gus-tavo/Costa
 []

[45]) (chapters/ch10_conclusoes.tex [46] [47]
Cap\'{\i }tulo 10.

Overfull \hbox (8.40536pt too wide) in paragraph at lines 13--13
[]\T1/cmr/bx/n/17.28 Contribuiçăo me-to-do-ló-gica e com-pu-ta-ci-o-nal do \T1/cmr/bx/it/17.28 Ca-
 []

[48

] [49]
Underfull \hbox (badness 2512) in paragraph at lines 53--53
[]|\T1/cmr/m/n/10.95 Validaçăo e ben-ch-
 []


Underfull \hbox (badness 4242) in paragraph at lines 53--53
[]|\T1/cmr/m/n/10.95 Gustavo/Costa pode con-ti-nuar
 []

[50]) (appendices/appendix_a_parametros.tex [51]
Ap\^endice A.

Overfull \hbox (11.58655pt too wide) in alignment at lines 11--17
 [] [] [] [] 
 []


Overfull \hbox (11.58655pt too wide) in alignment at lines 17--21
 [] [] [] [] 
 []


Underfull \hbox (badness 10000) in paragraph at lines 22--22
[]|\T1/cmr/m/n/12 Viagens, pa-ra-das,
 []


Underfull \hbox (badness 4739) in paragraph at lines 22--22
\T1/cmr/m/n/12 car-gas e cha-ma-das
 []


Underfull \hbox (badness 10000) in paragraph at lines 22--22
\T1/cmr/m/n/12 por-tu-á-rias quando
 []


Underfull \hbox (badness 1308) in paragraph at lines 22--22
[]|\T1/cmr/m/n/12 Evidęncia ob-ser-vada
 []


Underfull \hbox (badness 10000) in paragraph at lines 22--22
\T1/cmr/m/n/12 ŕ re-cons-tru-çăo de
 []


Underfull \hbox (badness 3579) in paragraph at lines 22--23
\T1/cmr/m/n/12 prova dis-po-ni-bi-li-
 []


Underfull \hbox (badness 1454) in paragraph at lines 23--23
[]|\T1/cmr/m/n/12 Aproximaçőes téc-ni-
 []


Underfull \hbox (badness 7504) in paragraph at lines 23--23
\T1/cmr/m/n/12 cas para efi-ci-ęn-cia
 []


Underfull \hbox (badness 10000) in paragraph at lines 23--24
[]|\T1/cmr/m/n/12 Proxy eu-ro-peu;
 []


Underfull \hbox (badness 4266) in paragraph at lines 23--24
\T1/cmr/m/n/12 tar in-te-gral-mente
 []


Underfull \hbox (badness 10000) in paragraph at lines 24--24
[]|\T1/cmr/m/n/12 Distâncias ro-do-vi-á-
 []


Underfull \hbox (badness 10000) in paragraph at lines 24--24
[]|\T1/cmr/m/n/12 Rotas ter-res-tres
 []


Underfull \hbox (badness 10000) in paragraph at lines 24--24
\T1/cmr/m/n/12 da al-ter-na-tiva di-
 []


Underfull \hbox (badness 1460) in paragraph at lines 24--24
\T1/cmr/m/n/12 reta, \T1/cmr/m/it/12 pre-carriage \T1/cmr/m/n/12 e
 []


Underfull \hbox (badness 10000) in paragraph at lines 24--25
[]|\T1/cmr/m/n/12 Rota mo-de-lada
 []


Underfull \hbox (badness 10000) in paragraph at lines 24--25
\T1/cmr/m/n/12 por API, năo
 []


Underfull \hbox (badness 10000) in paragraph at lines 24--25
\T1/cmr/m/n/12 vi-a-gem GPS
 []


Underfull \hbox (badness 10000) in paragraph at lines 24--25
\T1/cmr/m/n/12 ob-ser-vada nem
 []


Underfull \hbox (badness 10000) in paragraph at lines 24--25
\T1/cmr/m/n/12 rota co-mer-cial
 []


Underfull \hbox (badness 10000) in paragraph at lines 25--25
[]|\T1/cmr/m/n/12 Saídas al-ter-na-ti-vas
 []


Underfull \hbox (badness 10000) in paragraph at lines 25--25
\T1/cmr/m/n/12 ro-te-a-mento quando
 []


Underfull \hbox (badness 5260) in paragraph at lines 25--26
[]|\T1/cmr/m/n/12 Deve per-ma-ne-cer
 []


Underfull \hbox (badness 5548) in paragraph at lines 25--26
\T1/cmr/m/n/12 ras-tre-á-vel e năo
 []


Underfull \hbox (badness 5189) in paragraph at lines 25--26
\T1/cmr/m/n/12 subs-ti-tuir si-len-ci-
 []


Underfull \hbox (badness 1237) in paragraph at lines 25--26
\T1/cmr/m/n/12 o-sa-mente a fonte
 []


Underfull \hbox (badness 2903) in paragraph at lines 26--26
[]|\T1/cmr/m/n/12 Ship & Bun-ker /
 []


Underfull \hbox (badness 10000) in paragraph at lines 26--26
[]|\T1/cmr/m/n/12 Preço pro-ces-sado
 []


Underfull \hbox (badness 10000) in paragraph at lines 26--26
\T1/cmr/m/n/12 de com-bus-tí-vel
 []


Underfull \hbox (badness 10000) in paragraph at lines 26--26
\T1/cmr/m/n/12 custo ope-ra-ci-o-nal
 []


Underfull \hbox (badness 3635) in paragraph at lines 26--27
\T1/cmr/m/n/12 tos pode fun-ci-o-
 []


Underfull \hbox (badness 1237) in paragraph at lines 26--27
\T1/cmr/m/n/12 nar ape-nas como
 []


Underfull \hbox (badness 4779) in paragraph at lines 27--28
[]|\T1/cmr/m/n/12 Custo per-ma-nece
 []


Underfull \hbox (badness 10000) in paragraph at lines 27--28
\T1/cmr/m/n/12 data e mé-todo
 []


Underfull \hbox (badness 8113) in paragraph at lines 27--28
\T1/cmr/m/n/12 de ex-tra-çăo de-
 []


Underfull \hbox (badness 10000) in paragraph at lines 27--28
\T1/cmr/m/n/12 vem con-ti-nuar
 []


Underfull \hbox (badness 10000) in paragraph at lines 27--28
\T1/cmr/m/n/12 vi-sí-veis quando
 []


Underfull \hbox (badness 5607) in paragraph at lines 28--28
[]|\T1/cmr/m/n/12 Distâncias porto a
 []


Underfull \hbox (badness 3260) in paragraph at lines 28--28
[]|\T1/cmr/m/n/12 Definiçăo da perna
 []


Overfull \hbox (15.51855pt too wide) in paragraph at lines 28--29
[]|\T1/cmtt/m/n/12 haversine_fallback
 []


Underfull \hbox (badness 10000) in paragraph at lines 28--29
\T1/cmr/m/n/12 é tri-a-gem, năo
 []


Underfull \hbox (badness 10000) in paragraph at lines 28--29
\T1/cmr/m/n/12 rota ma-rí-tima
 []


Underfull \hbox (badness 2735) in paragraph at lines 29--29
[]|\T1/cmr/m/n/12 Literatura e no-tas
 []


Underfull \hbox (badness 10000) in paragraph at lines 29--29
[]|\T1/cmr/m/n/12 Valores ob-ser-va-dos,
 []


Underfull \hbox (badness 10000) in paragraph at lines 29--29
\T1/cmr/m/n/12 mé-dia pon-de-rada,
 []


Underfull \hbox (badness 2790) in paragraph at lines 29--29
\T1/cmr/m/n/12 ra-çőes por-tu-á-rias e
 []


Underfull \hbox (badness 10000) in paragraph at lines 29--30
[]|\T1/cmr/m/n/12 Dados au-sen-tes
 []


Underfull \hbox (badness 4144) in paragraph at lines 29--30
\T1/cmr/m/n/12 ter-pre-ta-dos como
 []


Underfull \hbox (badness 2538) in paragraph at lines 30--30
[]|\T1/cmr/m/n/12 Consumo ro-do-vi-á-rio
 []


Underfull \hbox (badness 10000) in paragraph at lines 30--30
[]|\T1/cmr/m/n/12 Emissőes ope-ra-ci-o-
 []


Underfull \hbox (badness 10000) in paragraph at lines 30--31
[]|\T1/cmr/m/n/12 Fonte, uni-dade
 []


Underfull \hbox (badness 10000) in paragraph at lines 30--31
\T1/cmr/m/n/12 e fron-teira de-
 []


Underfull \hbox (badness 10000) in paragraph at lines 30--31
\T1/cmr/m/n/12 vem per-ma-ne-cer
 []


Underfull \hbox (badness 10000) in paragraph at lines 31--31
[]|\T1/cmr/m/n/12 Pares OD, ro-tas,
 []


Underfull \hbox (badness 1194) in paragraph at lines 31--31
\T1/cmr/m/n/12 fa-to-res ou pla-ni-lhas
 []


Underfull \hbox (badness 10000) in paragraph at lines 31--31
\T1/cmr/m/n/12 usa-dos em ben-ch-
 []


Underfull \hbox (badness 10000) in paragraph at lines 31--32
\T1/cmr/m/n/12 re-fe-ręn-cia, nem
 []


Overfull \hbox (11.58655pt too wide) in alignment at lines 21--33
 [] [] [] [] 
 []

appendices/appendix_a_parametros.tex:33: ignored error: Infinite glue shrinkage found in box being split [52

]
appendices/appendix_a_parametros.tex:33: ignored error: Infinite glue shrinkage found in box being split [53]
Underfull \hbox (badness 10000) in paragraph at lines 60--60
[]|\T1/cmr/m/n/10.95 Roteamento ro-do-vi-á-
 []


Underfull \hbox (badness 10000) in paragraph at lines 60--60
[]|\T1/cmr/m/n/10.95 Distância ma-rí-tima ma-tri-cial
 []


Underfull \hbox (badness 1137) in paragraph at lines 60--60
[]|\T1/cmr/m/n/10.95 Correçăo do-cu-men-tada ou en-
 []

[54]
Overfull \hbox (10.67314pt too wide) in paragraph at lines 82--82
[]|\T1/cmtt/m/n/10.95 estimated_port_average| 
 []


Underfull \hbox (badness 2818) in paragraph at lines 82--82
[]|\T1/cmr/m/n/10.95 Usar como mé-dia pon-de-rada
 []


Underfull \hbox (badness 1661) in paragraph at lines 82--82
\T1/cmr/m/n/10.95 emis-sőes, zero custo ou zero
 []


Overfull \hbox (0.83748pt too wide) in paragraph at lines 85--85
[]\T1/cmr/bx/n/17.28 Parâmetros que per-ma-ne-cem pen-den-tes para a ver-
 []


Underfull \hbox (badness 3088) in paragraph at lines 105--105
[]|\T1/cmr/m/n/10.95 Diagramas es-tăo como pla-
 []


Underfull \hbox (badness 3189) in paragraph at lines 105--105
[]|\T1/cmr/m/n/10.95 Ajustar ABNT/USP ape-nas
 []

) (appendices/appendix_b_validacao.tex [55] [56]
Ap\^endice B.

Underfull \hbox (badness 1521) in paragraph at lines 31--31
[]|\T1/cmr/m/n/10.95 Sensibilidades exe-cu-ta-
 []


Underfull \hbox (badness 6625) in paragraph at lines 31--31
[]|\T1/cmr/m/n/10.95 Discussăo con-di-ci-o-nada, sem
 []


Underfull \hbox (badness 5475) in paragraph at lines 31--31
[]|\T1/cmr/m/n/10.95 Reconciliaçăo ro-do-vi-á-
 []


Underfull \hbox (badness 1033) in paragraph at lines 31--31
[]|\T1/cmr/m/n/10.95 Fator di-ag-nós-tico de-ri-vado de
 []


Underfull \hbox (badness 2608) in paragraph at lines 31--31
[]|\T1/cmr/m/n/10.95 Explicaçăo par-cial da la-cuna
 []


Overfull \hbox (132.26126pt too wide) in alignment at lines 53--53
[][][][][][][][] 
 []

[57

] [58]
Underfull \hbox (badness 10000) in paragraph at lines 99--99
[]|\T1/cmr/m/n/8 Diferença mul-ti-mo-dal mé-
 []


Underfull \hbox (badness 10000) in paragraph at lines 118--119
[]|\T1/cmr/m/n/12 Promover qual-quer caso
 []


Overfull \hbox (8.34904pt too wide) in paragraph at lines 119--119
[]|\T1/cmtt/m/n/12 sensitivity_discussion| 
 []


Underfull \hbox (badness 2951) in paragraph at lines 120--120
[]|\T1/cmr/m/n/12 Explicar li-mi-ta-çőes, como
 []


Overfull \hbox (2.17555pt too wide) in paragraph at lines 124--124
[]|\T1/cmtt/m/n/12 historical_diagnostic| 
 []


Underfull \hbox (badness 2884) in paragraph at lines 124--124
[]|\T1/cmr/m/n/12 Mostrar evo-lu-çăo do mé-
 []


Overfull \hbox (45.39pt too wide) in paragraph at lines 125--125
[]|\T1/cmtt/m/n/12 benchmark_supports_direction| 
 []


Underfull \hbox (badness 1635) in paragraph at lines 125--126
[]|\T1/cmr/m/n/12 Alegar va-li-da-çăo ca-li-brada
 []


Overfull \hbox (131.8189pt too wide) in paragraph at lines 126--126
[]|\T1/cmtt/m/n/12 benchmark_supports_road_factor_explanation| 
 []


Overfull \hbox (39.2165pt too wide) in paragraph at lines 127--127
[]|\T1/cmtt/m/n/12 benchmark_boundary_mismatch| 
 []


Underfull \hbox (badness 10000) in paragraph at lines 127--127
[]|\T1/cmr/m/n/12 Preservar cau-tela en-tre
 []


Underfull \hbox (badness 2980) in paragraph at lines 128--129
[]|\T1/cmr/m/n/12 Transformar em evi-dęn-cia
 []

[59]) (appendices/appendix_c_checklist_reprodutibilidade.tex [60]
Ap\^endice C.

Underfull \hbox (badness 10000) in paragraph at lines 28--28
[]|\T1/cmr/m/n/10.95 Criado em
 []


Overfull \hbox (6.93243pt too wide) in paragraph at lines 28--28
\T1/cmtt/m/n/10.95 docs/report/main.tex\T1/cmr/m/n/10.95 .| 
 []


Underfull \hbox (badness 2261) in paragraph at lines 28--28
[]|\T1/cmr/m/n/10.95 Compilar com fer-ra-menta La-TeX
 []


Underfull \hbox (badness 10000) in paragraph at lines 28--28
[]|\T1/cmr/m/n/10.95 Capítulos 1 a
 []


Underfull \hbox (badness 10000) in paragraph at lines 28--28
\T1/cmr/m/n/10.95 10 se-pa-ra-dos em
 []


Overfull \hbox (12.5908pt too wide) in paragraph at lines 28--28
\T1/cmtt/m/n/10.95 docs/report/chapters/\T1/cmr/m/n/10.95 .| 
 []


Underfull \hbox (badness 10000) in paragraph at lines 28--28
[]|\T1/cmr/m/n/10.95 Apęndices A, B e
 []


Underfull \hbox (badness 10000) in paragraph at lines 28--28
\T1/cmr/m/n/10.95 C se-pa-ra-dos em
 []


Overfull \hbox (23.90755pt too wide) in paragraph at lines 28--28
\T1/cmtt/m/n/10.95 docs/report/appendices/\T1/cmr/m/n/10.95 .| 
 []


Underfull \hbox (badness 3312) in paragraph at lines 28--28
[]|\T1/cmr/m/n/10.95 Placeholders com le-
 []


Underfull \hbox (badness 10000) in paragraph at lines 28--28
[]|\T1/cmr/m/n/10.95 Tabelas prin-ci-pais
 []


Underfull \hbox (badness 10000) in paragraph at lines 28--28
\T1/cmr/m/n/10.95 con-ver-ti-das com
 []


Underfull \hbox (badness 10000) in paragraph at lines 28--28
[]|\T1/cmtt/m/n/10.95 ../references.bib
 []


Underfull \hbox (badness 10000) in paragraph at lines 28--28
\T1/cmr/m/n/10.95 re-fe-ren-ci-ado por
 []


Underfull \hbox (badness 4647) in paragraph at lines 55--55
[]|\T1/cmr/m/n/10.95 Confirmar que ne-nhum caso atual foi pro-mo-vido a
 []


Underfull \hbox (badness 1478) in paragraph at lines 78--78
[]|\T1/cmr/m/n/10.95 Executar com-pi-la-çăo La-
 []

) (main.bbl [61

] [62] [63]
Underfull \hbox (badness 1067) in paragraph at lines 45--50
\T1/cmr/m/n/12 a mul-ti-mo-dal su-per network.  2024.  Ar-quivo local-only, ig-no-rado pelo Git:
 []


Underfull \hbox (badness 1454) in paragraph at lines 60--65
\T1/cmr/m/n/12 gaps, and re-com-men-da-ti-ons.  2024.  Ar-quivo local-only, ig-no-rado pelo Git:
 []

[64

]) [65] (main.aux)
 ***********
LaTeX2e <2025-11-01>
L3 programming layer <2025-12-24>
 ***********
Package rerunfilecheck Info: File `main.out' has not changed.
(rerunfilecheck)             Checksum: CEB388F6FBC0372D21A6B29BDC1BF791;24386.
 ) 
Here is how much of TeX's memory you used:
 14777 strings out of 467871
 240038 string characters out of 5417408
 685050 words of memory out of 5000000
 43174 multiletter control sequences out of 15000+600000
 648279 words of font info for 93 fonts, out of 8000000 for 9000
 1141 hyphenation exceptions out of 8191
 75i,13n,79p,1366b,647s stack positions out of 10000i,1000n,20000p,200000b,200000s
 <C:\Users\Cliente\AppData\Local\MiKTeX\fonts/pk/ljfour/jknappen/ec/dpi600\ecbi1728.pk> <C:\Users\Cliente\AppData\Local\MiKTeX\fonts/pk/ljfour/jknappen/ec/dpi600\ectt0800.pk> <C:\Users\Cliente\AppData\Local\MiKTeX\fonts/pk/ljfour/jknappen/ec/dpi600\ecrm0800.pk> <C:\Users\Cliente\AppData\Local\MiKTeX\fonts/pk/ljfour/jknappen/ec/dpi600\ectt1095.pk> <C:\Users\Cliente\AppData\Local\MiKTeX\fonts/pk/ljfour/jknappen/ec/dpi600\ectt1200.pk> <C:\Users\Cliente\AppData\Local\MiKTeX\fonts/pk/ljfour/jknappen/ec/dpi600\tcrm1200.pk> <C:\Users\Cliente\AppData\Local\MiKTeX\fonts/pk/ljfour/jknappen/ec/dpi600\ecti1095.pk> <C:\Users\Cliente\AppData\Local\MiKTeX\fonts/pk/ljfour/jknappen/ec/dpi600\ecbx1095.pk> <C:\Users\Cliente\AppData\Local\MiKTeX\fonts/pk/ljfour/jknappen/ec/dpi600\ecrm1095.pk> <C:\Users\Cliente\AppData\Local\MiKTeX\fonts/pk/ljfour/jknappen/ec/dpi600\ecbi1095.pk> <C:\Users\Cliente\AppData\Local\MiKTeX\fonts/pk/ljfour/jknappen/ec/dpi600\ecti1200.pk> <C:\Users\Cliente\AppData\Local\MiKTeX\fonts/pk/ljfour/jknappen/ec/dpi600\ecbx2488.pk> <C:\Users\Cliente\AppData\Local\MiKTeX\fonts/pk/ljfour/jknappen/ec/dpi600\ecrm1200.pk> <C:\Users\Cliente\AppData\Local\MiKTeX\fonts/pk/ljfour/jknappen/ec/dpi600\ecbx1200.pk> <C:\Users\Cliente\AppData\Local\MiKTeX\fonts/pk/ljfour/jknappen/ec/dpi600\ecbx1728.pk> <C:\Users\Cliente\AppData\Local\MiKTeX\fonts/pk/ljfour/jknappen/ec/dpi600\ecrm1440.pk><C:/Users/Cliente/AppData/Local/Programs/MiKTeX/fonts/type1/public/amsfonts/cm/cmmi10.pfb><C:/Users/Cliente/AppData/Local/Programs/MiKTeX/fonts/type1/public/amsfonts/cm/cmmi12.pfb><C:/Users/Cliente/AppData/Local/Programs/MiKTeX/fonts/type1/public/amsfonts/cm/cmmi8.pfb><C:/Users/Cliente/AppData/Local/Programs/MiKTeX/fonts/type1/public/amsfonts/cm/cmr10.pfb><C:/Users/Cliente/AppData/Local/Programs/MiKTeX/fonts/type1/public/amsfonts/cm/cmr12.pfb><C:/Users/Cliente/AppData/Local/Programs/MiKTeX/fonts/type1/public/amsfonts/cm/cmr6.pfb><C:/Users/Cliente/AppData/Local/Programs/MiKTeX/fonts/type1/public/amsfonts/cm/cmr8.pfb><C:/Users/Cliente/AppData/Local/Programs/MiKTeX/fonts/type1/public/amsfonts/cm/cmsy10.pfb><C:/Users/Cliente/AppData/Local/Programs/MiKTeX/fonts/type1/public/amsfonts/cm/cmsy8.pfb>
Output written on main.pdf (77 pages, 641888 bytes).
PDF statistics:
 1851 PDF objects out of 2073 (max. 8388607)
 224 named destinations out of 1000 (max. 500000)
 697 words of extra memory for PDF output out of 10000 (max. 10000000)

